{"level":"info","message":"OPTIONS /products 204 3.218 ms - 0","service":"my-app","timestamp":"2023-02-24T14:01:18.239Z"}
{"level":"info","message":"POST /products 409 41.151 ms - 221","service":"my-app","timestamp":"2023-02-24T14:01:18.291Z"}
{"level":"info","message":"GET /products?page=1 200 272.627 ms - 8040","service":"my-app","timestamp":"2023-02-24T14:01:38.774Z"}
{"level":"info","message":"GET /products?page=2 200 246.716 ms - 4490","service":"my-app","timestamp":"2023-02-24T14:01:49.273Z"}
{"level":"info","message":"GET /products 200 278.018 ms - 8043","service":"my-app","timestamp":"2023-02-25T08:46:27.196Z"}
{"level":"info","message":"GET /products?categories=[%22All%22] 200 252.027 ms - 8043","service":"my-app","timestamp":"2023-02-25T08:47:28.625Z"}
{"level":"info","message":"GET /products?categories=[%22Solar%22] 200 252.031 ms - 8043","service":"my-app","timestamp":"2023-02-25T08:47:40.424Z"}
{"level":"info","message":"GET /products?categories=[%22Inverter%22] 200 261.097 ms - 8043","service":"my-app","timestamp":"2023-02-25T08:48:45.641Z"}
{"level":"info","message":"GET /products?categories=[%22Inverter%22] 200 245.034 ms - 8043","service":"my-app","timestamp":"2023-02-25T08:49:33.197Z"}
{"level":"info","message":"GET /products/search?categories=%22[%22Inverter%22]%22&countries=%22%22&companies=%22%22&brands=%22%22&capacities=%22%22 200 138.081 ms - 11","service":"my-app","timestamp":"2023-02-25T08:53:15.339Z"}
{"level":"info","message":"GET /products/search?categories=[%22Inverter%22]&countries=%22%22&companies=%22%22&brands=%22%22&capacities=%22%22 200 133.601 ms - 11","service":"my-app","timestamp":"2023-02-25T08:53:30.708Z"}
{"level":"info","message":"GET /products/search?categories=%22Inverter%22&countries=%22%22&companies=%22%22&brands=%22%22&capacities=%22%22 200 141.531 ms - 11","service":"my-app","timestamp":"2023-02-25T08:54:11.221Z"}
{"level":"info","message":"GET /products/search?categories=Inverter&countries=%22%22&companies=%22%22&brands=%22%22&capacities=%22%22 200 136.811 ms - 11","service":"my-app","timestamp":"2023-02-25T08:54:32.632Z"}
{"level":"info","message":"GET /products/search?categories=Battery&countries=%22%22&companies=%22%22&brands=%22%22&capacities=%22%22 200 127.434 ms - 11","service":"my-app","timestamp":"2023-02-25T08:54:53.192Z"}
{"level":"info","message":"GET /products/search?categories=Battery%20,%20Inverter&countries=%22%22&companies=%22%22&brands=%22%22&capacities=%22%22 200 169.740 ms - 11","service":"my-app","timestamp":"2023-02-25T08:55:14.666Z"}
{"level":"info","message":"GET /products/search?categories=Battery,Inverter&countries=%22%22&companies=%22%22&brands=%22%22&capacities=%22%22 200 122.792 ms - 11","service":"my-app","timestamp":"2023-02-25T08:55:27.052Z"}
{"level":"info","message":"GET /products/search?categories=All&countries=%22%22&companies=%22%22&brands=%22%22&capacities=%22%22 200 135.890 ms - 11","service":"my-app","timestamp":"2023-02-25T08:55:55.130Z"}
{"level":"info","message":"GET /products/search?categories=All&countries=&companies=&brands=&capacities= 200 711.806 ms - 133604","service":"my-app","timestamp":"2023-02-25T08:56:13.873Z"}
{"level":"info","message":"GET /products/search?categories=Battery,Inverter&countries=&companies=&brands=&capacities= 200 611.392 ms - 129599","service":"my-app","timestamp":"2023-02-25T08:56:21.423Z"}
{"level":"info","message":"GET /products/search?categories=Inverter&countries=&companies=&brands=&capacities= 200 262.966 ms - 25312","service":"my-app","timestamp":"2023-02-25T08:56:30.170Z"}
{"level":"info","message":"GET /products/search?categories=Solar&countries=&companies=&brands=&capacities= 200 126.999 ms - 4015","service":"my-app","timestamp":"2023-02-25T08:56:55.346Z"}
{"level":"info","message":"GET /products/search?categories=Solar&countries=&companies=&brands=&capacities= 200 129.590 ms - 4015","service":"my-app","timestamp":"2023-02-25T08:57:08.248Z"}
{"level":"info","message":"GET /images/icons/gear.png 404 4.225 ms - 160","service":"my-app","timestamp":"2023-02-25T08:57:08.485Z"}
{"level":"info","message":"GET /favicon.ico 404 1.381 ms - 150","service":"my-app","timestamp":"2023-02-25T08:57:08.578Z"}
{"level":"info","message":"GET /products/search?categories=Solar&countries=&companies=&brands=&capacities= 200 160.755 ms - 4015","service":"my-app","timestamp":"2023-02-25T09:01:10.264Z"}
{"level":"info","message":"GET /products/search?categories=Solar&countries=&companies=&brands=&capacities= 200 8.621 ms - 11","service":"my-app","timestamp":"2023-02-25T09:01:38.590Z"}
{"level":"info","message":"GET /products/search?categories=Solar&countries=&companies=&brands=&capacities= 200 153.863 ms - 4015","service":"my-app","timestamp":"2023-02-25T09:02:12.109Z"}
{"level":"info","message":"GET /products/search?categories=Solar&countries=&companies=&brands=&capacities= 200 164.715 ms - 4015","service":"my-app","timestamp":"2023-02-25T09:03:33.677Z"}
{"level":"info","message":"GET /products/search?categories=Battery&countries=&companies=&brands=&capacities= 200 657.333 ms - 104297","service":"my-app","timestamp":"2023-02-25T09:03:44.865Z"}
{"level":"info","message":"GET /products/search?categories=&countries=China&companies=&brands=&capacities= 200 118.894 ms - 11","service":"my-app","timestamp":"2023-02-25T09:03:58.784Z"}
{"level":"info","message":"GET /products/search?categories=&countries=China&companies=&brands=&capacities= 200 130.399 ms - 11","service":"my-app","timestamp":"2023-02-25T09:04:21.085Z"}
{"level":"info","message":"GET /products/search?categories=Battery&countries=China&companies=&brands=&capacities= 200 120.921 ms - 11","service":"my-app","timestamp":"2023-02-25T09:04:34.867Z"}
{"level":"info","message":"GET /products/search?categories=Battery&countries=&companies=&brands=&capacities= 200 555.939 ms - 104297","service":"my-app","timestamp":"2023-02-25T09:04:50.736Z"}
{"level":"info","message":"GET /products/search?categories=Battery&countries=&companies=&brands=&capacities= 200 723.988 ms - 104297","service":"my-app","timestamp":"2023-02-25T09:07:49.946Z"}
{"level":"info","message":"GET /products/search?categories=Battery&countries=China&companies=&brands=&capacities= 200 128.371 ms - 11","service":"my-app","timestamp":"2023-02-25T09:08:04.826Z"}
{"level":"info","message":"GET /products/search?categories=Battery&countries=China&companies=&brands=&capacities= 200 141.042 ms - 11","service":"my-app","timestamp":"2023-02-25T09:09:37.149Z"}
{"level":"info","message":"GET /products/search?categories=&countries=China&companies=&brands=&capacities= 200 158.783 ms - 11","service":"my-app","timestamp":"2023-02-25T09:10:12.911Z"}
{"level":"info","message":"GET /products/search?categories=&countries=India&companies=&brands=&capacities= 200 137.020 ms - 11","service":"my-app","timestamp":"2023-02-25T09:10:31.593Z"}
{"level":"info","message":"GET /products/search?categories=&countries=India&companies=&brands=&capacities= 200 129.229 ms - 11","service":"my-app","timestamp":"2023-02-25T09:11:47.971Z"}
{"level":"info","message":"GET /products/search?categories=&countries=India&companies=&brands=&capacities= 200 114.342 ms - 11","service":"my-app","timestamp":"2023-02-25T09:11:49.964Z"}
{"level":"info","message":"GET /products/search?categories=&countries=India&companies=&brands=&capacities= 200 135.559 ms - 11","service":"my-app","timestamp":"2023-02-25T09:12:14.373Z"}
{"level":"info","message":"GET /products/search?categories=&countries=India&companies=&brands=&capacities= - - ms - -","service":"my-app","timestamp":"2023-02-25T09:14:45.088Z"}
{"level":"info","message":"GET /products/search?categories=&countries=All&companies=&brands=&capacities= - - ms - -","service":"my-app","timestamp":"2023-02-25T09:15:01.195Z"}
{"level":"info","message":"GET /products/search?categories=All&countries=All&companies=&brands=&capacities= - - ms - -","service":"my-app","timestamp":"2023-02-25T09:15:06.762Z"}
{"level":"info","message":"GET /products/search?categories=All&countries=&companies=&brands=&capacities= - - ms - -","service":"my-app","timestamp":"2023-02-25T09:15:10.107Z"}
{"level":"info","message":"GET /products/search?categories=All&countries=&companies=&brands=&capacities= - - ms - -","service":"my-app","timestamp":"2023-02-25T09:15:16.250Z"}
{"level":"info","message":"GET /products/search?categories=Solar&countries=&companies=&brands=&capacities= 200 146.387 ms - 4015","service":"my-app","timestamp":"2023-02-25T09:15:22.704Z"}
{"level":"info","message":"GET /products/search?categories=All&countries=&companies=&brands=&capacities= - - ms - -","service":"my-app","timestamp":"2023-02-25T09:16:04.667Z"}
{"level":"info","message":"GET /products/search?categories=All&countries=&companies=&brands=&capacities= 200 748.339 ms - 133604","service":"my-app","timestamp":"2023-02-25T09:17:39.651Z"}
{"level":"info","message":"GET /products/search?categories=All&countries=All&companies=&brands=&capacities= 200 591.548 ms - 133604","service":"my-app","timestamp":"2023-02-25T09:17:46.231Z"}
{"level":"info","message":"GET /products/search?categories=&countries=All&companies=&brands=&capacities= 200 640.349 ms - 133604","service":"my-app","timestamp":"2023-02-25T09:17:53.027Z"}
{"level":"info","message":"GET /products/search?categories=&countries=India&companies=&brands=&capacities= 200 120.524 ms - 11","service":"my-app","timestamp":"2023-02-25T09:17:58.902Z"}
{"level":"info","message":"GET /products/search?categories=&countries=All&companies=&brands=&capacities= 200 572.754 ms - 133604","service":"my-app","timestamp":"2023-02-25T09:19:11.506Z"}
{"level":"info","message":"GET /products/search?categories=&countries=China&companies=&brands=&capacities= 200 124.561 ms - 11","service":"my-app","timestamp":"2023-02-25T09:19:19.880Z"}
{"level":"info","message":"GET /products/search?categories=&countries=China&companies=&brands=&capacities= 200 139.474 ms - 11","service":"my-app","timestamp":"2023-02-25T09:20:56.942Z"}
{"level":"info","message":"GET /products/search?categories=&countries=China&companies=&brands=&capacities= 200 129.768 ms - 11","service":"my-app","timestamp":"2023-02-25T09:20:58.184Z"}
{"level":"info","message":"GET /products/search?categories=&countries=China&companies=&brands=&capacities= 200 122.643 ms - 11","service":"my-app","timestamp":"2023-02-25T09:20:59.117Z"}
{"level":"info","message":"GET /products/search?categories=&countries=China&companies=&brands=&capacities= 200 140.036 ms - 11","service":"my-app","timestamp":"2023-02-25T09:21:18.589Z"}
{"level":"info","message":"GET /products/search?categories=&countries=China&companies=&brands=&capacities= 200 698.563 ms - 45007","service":"my-app","timestamp":"2023-02-25T09:21:50.623Z"}
{"level":"info","message":"GET /products/search?categories=&countries=China&companies=&brands=&capacities= - - ms - -","service":"my-app","timestamp":"2023-02-25T09:23:17.593Z"}
{"level":"info","message":"GET /products/search?categories=&countries=All&companies=&brands=&capacities= - - ms - -","service":"my-app","timestamp":"2023-02-25T09:23:25.031Z"}
{"level":"info","message":"GET /products/search?categories=&countries=All&companies=&brands=&capacities= - - ms - -","service":"my-app","timestamp":"2023-02-25T09:24:21.265Z"}
{"level":"info","message":"GET /products/search?categories=&countries=China&companies=&brands=&capacities= - - ms - -","service":"my-app","timestamp":"2023-02-25T09:24:30.600Z"}
{"level":"info","message":"GET /products/search?categories=&countries=China&companies=&brands=&capacities= 200 743.207 ms - 45007","service":"my-app","timestamp":"2023-02-25T09:25:00.870Z"}
{"level":"info","message":"GET /products/search?categories=&countries=China&companies=&brands=&capacities= 200 399.817 ms - 45007","service":"my-app","timestamp":"2023-02-25T09:57:35.268Z"}
{"level":"info","message":"GET /products?page=1 200 259.928 ms - 8040","service":"my-app","timestamp":"2023-02-25T10:01:59.621Z"}
{"level":"info","message":"GET /products?page=2 200 240.919 ms - 4490","service":"my-app","timestamp":"2023-02-25T10:02:29.502Z"}
{"level":"info","message":"GET /products?page=3 200 260.643 ms - 8004","service":"my-app","timestamp":"2023-02-25T10:02:30.668Z"}
{"level":"info","message":"GET /products?page=4 200 252.850 ms - 9021","service":"my-app","timestamp":"2023-02-25T10:02:31.650Z"}
{"level":"info","message":"GET /products?page=1 304 682.447 ms - -","service":"my-app","timestamp":"2023-02-25T10:02:33.629Z"}
{"level":"info","message":"GET /products?page=1 304 243.566 ms - -","service":"my-app","timestamp":"2023-02-25T10:03:26.354Z"}
{"level":"info","message":"GET /products?page=2 304 240.109 ms - -","service":"my-app","timestamp":"2023-02-25T10:03:31.684Z"}
{"level":"info","message":"GET /products?page=3 304 247.412 ms - -","service":"my-app","timestamp":"2023-02-25T10:03:32.783Z"}
{"level":"info","message":"GET /products?page=4 304 250.883 ms - -","service":"my-app","timestamp":"2023-02-25T10:03:33.864Z"}
{"level":"info","message":"GET /products?page=2 304 255.090 ms - -","service":"my-app","timestamp":"2023-02-25T10:03:38.527Z"}
{"level":"info","message":"GET /products?page=2 304 250.333 ms - -","service":"my-app","timestamp":"2023-02-25T10:04:21.777Z"}
{"level":"info","message":"GET /products?page=4 304 243.219 ms - -","service":"my-app","timestamp":"2023-02-25T10:06:22.904Z"}
{"level":"info","message":"GET /products?page=3 304 262.373 ms - -","service":"my-app","timestamp":"2023-02-25T10:06:24.326Z"}
{"level":"info","message":"GET /products?page=2 304 234.379 ms - -","service":"my-app","timestamp":"2023-02-25T10:06:26.295Z"}
{"level":"info","message":"GET /products?page=1 304 240.986 ms - -","service":"my-app","timestamp":"2023-02-25T10:06:27.492Z"}
{"level":"info","message":"GET /products?page=4 304 254.288 ms - -","service":"my-app","timestamp":"2023-02-25T10:06:27.757Z"}
{"level":"info","message":"GET /products?page=3 304 362.476 ms - -","service":"my-app","timestamp":"2023-02-25T10:06:28.798Z"}
{"level":"info","message":"GET /products?page=2 304 401.873 ms - -","service":"my-app","timestamp":"2023-02-25T10:06:28.918Z"}
{"level":"info","message":"GET /products?page=1 304 265.614 ms - -","service":"my-app","timestamp":"2023-02-25T10:06:29.292Z"}
{"level":"info","message":"GET /products 200 248.356 ms - 8043","service":"my-app","timestamp":"2023-02-25T10:06:32.906Z"}
{"level":"info","message":"GET /products 304 249.845 ms - -","service":"my-app","timestamp":"2023-02-25T10:16:47.536Z"}
{"level":"info","message":"GET /products 304 254.051 ms - -","service":"my-app","timestamp":"2023-02-25T10:24:27.316Z"}
{"level":"info","message":"GET /products?page=1 304 248.871 ms - -","service":"my-app","timestamp":"2023-02-25T10:24:32.663Z"}
{"level":"info","message":"GET /products?page=1 304 254.377 ms - -","service":"my-app","timestamp":"2023-02-25T10:25:02.741Z"}
{"level":"info","message":"GET /products?page=1 304 261.208 ms - -","service":"my-app","timestamp":"2023-02-25T10:25:17.567Z"}
{"level":"info","message":"GET /products?page=1 304 256.644 ms - -","service":"my-app","timestamp":"2023-02-25T10:25:55.289Z"}
{"level":"info","message":"GET /products?page=1 304 274.049 ms - -","service":"my-app","timestamp":"2023-02-25T10:25:59.394Z"}
{"level":"info","message":"GET /products?page=1 304 264.376 ms - -","service":"my-app","timestamp":"2023-02-25T10:26:15.634Z"}
{"level":"info","message":"GET /products?page=1 304 246.008 ms - -","service":"my-app","timestamp":"2023-02-25T10:26:50.934Z"}
{"level":"info","message":"GET /products?page=1 304 287.466 ms - -","service":"my-app","timestamp":"2023-02-25T11:00:14.626Z"}
{"level":"info","message":"GET /products?page=1 304 272.716 ms - -","service":"my-app","timestamp":"2023-02-25T11:00:14.902Z"}
{"level":"info","message":"GET /products?page=1 200 306.496 ms - 8040","service":"my-app","timestamp":"2023-02-25T11:02:30.234Z"}
{"level":"info","message":"GET /products?page=1 304 253.986 ms - -","service":"my-app","timestamp":"2023-02-25T11:02:48.030Z"}
{"level":"info","message":"GET /products?page=2 304 267.207 ms - -","service":"my-app","timestamp":"2023-02-25T11:02:54.640Z"}
{"level":"info","message":"GET /products?page=1 304 280.722 ms - -","service":"my-app","timestamp":"2023-02-25T11:03:00.517Z"}
{"level":"info","message":"GET /products?page=1 304 303.705 ms - -","service":"my-app","timestamp":"2023-02-25T11:11:24.749Z"}
{"level":"info","message":"GET /products?page=1 304 266.612 ms - -","service":"my-app","timestamp":"2023-02-25T11:12:23.722Z"}
{"level":"info","message":"GET /products?page=1 304 259.635 ms - -","service":"my-app","timestamp":"2023-02-25T11:13:07.896Z"}
{"level":"info","message":"GET /products?page=1 304 292.577 ms - -","service":"my-app","timestamp":"2023-02-25T11:24:45.629Z"}
{"level":"info","message":"GET /products?page=1 304 287.227 ms - -","service":"my-app","timestamp":"2023-02-25T11:25:56.904Z"}
{"level":"info","message":"GET /products?page=1 304 317.171 ms - -","service":"my-app","timestamp":"2023-02-25T11:26:43.047Z"}
{"level":"info","message":"GET /products/search?page=1&categories=All&countries=All&companies=&brands=filters=All - - ms - -","service":"my-app","timestamp":"2023-02-25T11:26:46.019Z"}
{"level":"info","message":"GET /products/search?page=1&categories=Battery,Solar,Other,Inverter&countries=Veitnam,Oman,India,Other,Thailand&companies=&brands=filters=Battery,Solar,Other,Inverter - - ms - -","service":"my-app","timestamp":"2023-02-25T11:26:46.021Z"}
{"level":"info","message":"GET /products?page=1 304 273.043 ms - -","service":"my-app","timestamp":"2023-02-25T11:26:47.200Z"}
{"level":"info","message":"GET /products?page=1 304 279.151 ms - -","service":"my-app","timestamp":"2023-02-25T11:26:58.458Z"}
{"level":"info","message":"GET /products?page=1 304 278.629 ms - -","service":"my-app","timestamp":"2023-02-25T11:26:58.934Z"}
{"level":"info","message":"GET /products?page=1 304 277.910 ms - -","service":"my-app","timestamp":"2023-02-25T11:26:59.251Z"}
{"level":"info","message":"GET /products?page=1 304 263.444 ms - -","service":"my-app","timestamp":"2023-02-25T11:26:59.578Z"}
{"level":"info","message":"GET /products/search?page=1&categories=All&countries=All&companies=&brands=filters=All - - ms - -","service":"my-app","timestamp":"2023-02-25T11:27:23.105Z"}
{"level":"info","message":"GET /products/search?page=1&categories=Solar,Inverter&countries=&companies=&brands=filters=Solar,Inverter - - ms - -","service":"my-app","timestamp":"2023-02-25T11:27:23.108Z"}
{"level":"info","message":"GET /products/search?page=1&categories=Solar,Inverter&countries=Oman,Veitnam&companies=&brands=filters=Solar,Inverter - - ms - -","service":"my-app","timestamp":"2023-02-25T11:27:23.109Z"}
{"level":"info","message":"GET /products/search?page=1&categories=Solar&countries=&companies=&brands=filters=Solar - - ms - -","service":"my-app","timestamp":"2023-02-25T11:27:23.111Z"}
{"level":"info","message":"GET /products/search?page=1&categories=Solar,Inverter&countries=Oman&companies=&brands=filters=Solar,Inverter - - ms - -","service":"my-app","timestamp":"2023-02-25T11:27:23.114Z"}
{"level":"info","message":"GET /products?page=1 304 271.557 ms - -","service":"my-app","timestamp":"2023-02-25T11:27:24.249Z"}
{"level":"info","message":"GET /products?page=1 304 284.332 ms - -","service":"my-app","timestamp":"2023-02-25T11:28:21.429Z"}
{"level":"info","message":"GET /products?page=1 304 262.296 ms - -","service":"my-app","timestamp":"2023-02-25T11:28:30.147Z"}
{"level":"info","message":"GET /products?page=1 304 294.105 ms - -","service":"my-app","timestamp":"2023-02-25T11:28:30.498Z"}
{"level":"info","message":"GET /products?page=1 304 288.350 ms - -","service":"my-app","timestamp":"2023-02-25T11:28:31.159Z"}
{"level":"info","message":"GET /products/search?page=1&categories=Inverter,Battery&countries=Oman&companies=&brands= - - ms - -","service":"my-app","timestamp":"2023-02-25T11:28:42.185Z"}
{"level":"info","message":"GET /products/search?page=1&categories=Inverter,Battery&countries=&companies=&brands= - - ms - -","service":"my-app","timestamp":"2023-02-25T11:28:42.188Z"}
{"level":"info","message":"GET /products/search?page=1&categories=Inverter,Battery&countries=Oman,Veitnam&companies=&brands= - - ms - -","service":"my-app","timestamp":"2023-02-25T11:28:42.191Z"}
{"level":"info","message":"GET /products/search?page=1&categories=Inverter&countries=&companies=&brands= - - ms - -","service":"my-app","timestamp":"2023-02-25T11:28:42.197Z"}
{"level":"info","message":"GET /products/search?page=1&categories=All&countries=All&companies=&brands=filters=All - - ms - -","service":"my-app","timestamp":"2023-02-25T11:28:42.199Z"}
{"level":"info","message":"GET /products/search?page=1&categories=All&countries=All&companies=&brands= - - ms - -","service":"my-app","timestamp":"2023-02-25T11:28:42.200Z"}
{"level":"info","message":"GET /products?page=1 - - ms - -","service":"my-app","timestamp":"2023-02-25T11:28:42.203Z"}
{"level":"info","message":"GET /products?page=1 200 260.097 ms - 8040","service":"my-app","timestamp":"2023-02-25T11:28:43.502Z"}
{"level":"info","message":"GET /products?page=1 304 245.929 ms - -","service":"my-app","timestamp":"2023-02-25T11:28:56.744Z"}
{"level":"info","message":"GET /products?page=1 304 258.026 ms - -","service":"my-app","timestamp":"2023-02-25T11:29:07.695Z"}
{"level":"info","message":"GET /products?page=1 304 251.072 ms - -","service":"my-app","timestamp":"2023-02-25T11:29:11.645Z"}
{"level":"info","message":"GET /products?page=1 304 273.657 ms - -","service":"my-app","timestamp":"2023-02-25T11:29:14.964Z"}
{"level":"info","message":"GET /products/search?page=1&categories=Inverter,Battery&countries=South%20korea,India&companies=&brands= - - ms - -","service":"my-app","timestamp":"2023-02-25T11:31:09.091Z"}
{"level":"info","message":"GET /products/search?page=1&categories=Inverter,All&countries=South%20korea,India&companies=&brands= - - ms - -","service":"my-app","timestamp":"2023-02-25T11:31:09.094Z"}
{"level":"info","message":"GET /products/search?page=1&categories=Inverter,Battery&countries=&companies=&brands= - - ms - -","service":"my-app","timestamp":"2023-02-25T11:31:09.096Z"}
{"level":"info","message":"GET /products/search?page=1&categories=Inverter&countries=&companies=&brands= - - ms - -","service":"my-app","timestamp":"2023-02-25T11:31:09.099Z"}
{"level":"info","message":"GET /products/search?page=1&categories=All&countries=All&companies=&brands= - - ms - -","service":"my-app","timestamp":"2023-02-25T11:31:09.101Z"}
{"level":"info","message":"GET /products/search?page=1&categories=Inverter,Battery&countries=South%20korea&companies=&brands= - - ms - -","service":"my-app","timestamp":"2023-02-25T11:31:09.104Z"}
{"level":"info","message":"GET /products?page=1 200 263.855 ms - 8040","service":"my-app","timestamp":"2023-02-25T11:31:10.187Z"}
{"level":"info","message":"GET /products?page=1 304 248.553 ms - -","service":"my-app","timestamp":"2023-02-25T11:31:20.096Z"}
{"level":"info","message":"GET /products?page=1 304 438.904 ms - -","service":"my-app","timestamp":"2023-02-25T11:31:24.506Z"}
{"level":"info","message":"GET /products?page=1 304 258.468 ms - -","service":"my-app","timestamp":"2023-02-25T11:31:27.614Z"}
{"level":"info","message":"GET /products?page=1 304 255.502 ms - -","service":"my-app","timestamp":"2023-02-25T11:31:30.207Z"}
{"level":"info","message":"GET /products/search?page=1&categories=All&countries=All&companies=&brands= - - ms - -","service":"my-app","timestamp":"2023-02-25T11:31:48.019Z"}
{"level":"info","message":"GET /products/search?page=1&categories=Solar&countries=&companies=&brands= - - ms - -","service":"my-app","timestamp":"2023-02-25T11:31:48.022Z"}
{"level":"info","message":"GET /products/search?page=1&categories=Solar,Inverter,Battery,All&countries=&companies=&brands= - - ms - -","service":"my-app","timestamp":"2023-02-25T11:31:48.028Z"}
{"level":"info","message":"GET /products/search?page=1&categories=Solar,Inverter,Battery,Other&countries=&companies=&brands= - - ms - -","service":"my-app","timestamp":"2023-02-25T11:31:48.030Z"}
{"level":"info","message":"GET /products/search?page=1&categories=Solar,Inverter,Battery&countries=&companies=&brands= - - ms - -","service":"my-app","timestamp":"2023-02-25T11:31:48.031Z"}
{"level":"info","message":"GET /products/search?page=1&categories=Solar,Inverter&countries=&companies=&brands= - - ms - -","service":"my-app","timestamp":"2023-02-25T11:31:48.033Z"}
{"level":"info","message":"GET /products/search?page=1&categories=Solar&countries=&companies=&brands= - - ms - -","service":"my-app","timestamp":"2023-02-25T11:31:48.036Z"}
{"level":"info","message":"GET /products?page=1 200 253.474 ms - 8040","service":"my-app","timestamp":"2023-02-25T11:31:48.763Z"}
{"level":"info","message":"GET /products?page=1 304 248.360 ms - -","service":"my-app","timestamp":"2023-02-25T11:31:51.940Z"}
{"level":"info","message":"GET /products?page=1 304 249.584 ms - -","service":"my-app","timestamp":"2023-02-25T11:31:52.454Z"}
{"level":"info","message":"GET /products?page=1 304 252.830 ms - -","service":"my-app","timestamp":"2023-02-25T11:31:52.958Z"}
{"level":"info","message":"GET /products?page=1 304 253.731 ms - -","service":"my-app","timestamp":"2023-02-25T11:31:57.085Z"}
{"level":"info","message":"GET /products/search?page=1&categories=Solar&countries=&companies=&brands= - - ms - -","service":"my-app","timestamp":"2023-02-25T11:32:02.613Z"}
{"level":"info","message":"GET /products/search?page=1&categories=Solar,Inverter,Battery&countries=&companies=&brands= - - ms - -","service":"my-app","timestamp":"2023-02-25T11:32:02.617Z"}
{"level":"info","message":"GET /products/search?page=1&categories=All&countries=All&companies=&brands= - - ms - -","service":"my-app","timestamp":"2023-02-25T11:32:02.620Z"}
{"level":"info","message":"GET /products/search?page=1&categories=Solar,Inverter&countries=&companies=&brands= - - ms - -","service":"my-app","timestamp":"2023-02-25T11:32:02.622Z"}
{"level":"info","message":"GET /products/search?page=1&categories=Solar,Inverter,Battery&countries=China,India&companies=&brands= - - ms - -","service":"my-app","timestamp":"2023-02-25T11:32:02.624Z"}
{"level":"info","message":"GET /products/search?page=1&categories=Solar,Inverter,Battery&countries=China&companies=&brands= - - ms - -","service":"my-app","timestamp":"2023-02-25T11:32:02.626Z"}
{"level":"info","message":"GET /products?page=1 200 257.950 ms - 8040","service":"my-app","timestamp":"2023-02-25T11:32:03.406Z"}
{"level":"info","message":"GET /products?page=1 304 249.073 ms - -","service":"my-app","timestamp":"2023-02-25T11:32:05.942Z"}
{"level":"info","message":"GET /products?page=1 304 274.424 ms - -","service":"my-app","timestamp":"2023-02-25T11:32:06.405Z"}
{"level":"info","message":"GET /products?page=1 304 249.358 ms - -","service":"my-app","timestamp":"2023-02-25T11:32:08.220Z"}
{"level":"info","message":"GET /products?page=1 304 259.788 ms - -","service":"my-app","timestamp":"2023-02-25T11:32:09.951Z"}
{"level":"info","message":"GET /products/search?page=1&categories=&countries=Oman,Veitnam,Thailand,South%20korea&companies=&brands= - - ms - -","service":"my-app","timestamp":"2023-02-25T11:36:27.014Z"}
{"level":"info","message":"GET /products/search?page=1&categories=&countries=Oman&companies=&brands= - - ms - -","service":"my-app","timestamp":"2023-02-25T11:36:27.017Z"}
{"level":"info","message":"GET /products/search?page=1&categories=All&countries=All&companies=&brands= - - ms - -","service":"my-app","timestamp":"2023-02-25T11:36:27.020Z"}
{"level":"info","message":"GET /products/search?page=1&categories=&countries=Oman,Veitnam,Thailand&companies=&brands= - - ms - -","service":"my-app","timestamp":"2023-02-25T11:36:27.022Z"}
{"level":"info","message":"GET /products/search?page=1&categories=&countries=Oman,Veitnam,Thailand,South%20korea,India&companies=&brands= - - ms - -","service":"my-app","timestamp":"2023-02-25T11:36:27.023Z"}
{"level":"info","message":"GET /products/search?page=1&categories=&countries=Oman,Veitnam&companies=&brands= - - ms - -","service":"my-app","timestamp":"2023-02-25T11:36:27.027Z"}
{"level":"info","message":"GET /products?page=1 - - ms - -","service":"my-app","timestamp":"2023-02-25T11:36:27.028Z"}
{"level":"info","message":"GET /products?page=1 200 281.310 ms - 8040","service":"my-app","timestamp":"2023-02-25T11:36:27.806Z"}
{"level":"info","message":"GET /products?page=1 304 248.858 ms - -","service":"my-app","timestamp":"2023-02-25T11:36:32.178Z"}
{"level":"info","message":"GET /products?page=1 304 243.456 ms - -","service":"my-app","timestamp":"2023-02-25T11:36:43.954Z"}
{"level":"info","message":"GET /products?page=1 304 245.953 ms - -","service":"my-app","timestamp":"2023-02-25T11:36:45.597Z"}
{"level":"info","message":"GET /products?page=1 304 256.495 ms - -","service":"my-app","timestamp":"2023-02-25T11:36:46.287Z"}
{"level":"info","message":"GET /products/search?page=1&categories=Inverter,Battery,Solar&countries=India,South%20korea&companies=&brands= - - ms - -","service":"my-app","timestamp":"2023-02-25T11:40:15.064Z"}
{"level":"info","message":"GET /products/search?page=1&categories=All&countries=All&companies=&brands= - - ms - -","service":"my-app","timestamp":"2023-02-25T11:40:15.066Z"}
{"level":"info","message":"GET /products/search?page=1&categories=Inverter,Battery&countries=&companies=&brands= - - ms - -","service":"my-app","timestamp":"2023-02-25T11:40:15.070Z"}
{"level":"info","message":"GET /products/search?page=1&categories=Inverter,Battery,Solar&countries=&companies=&brands= - - ms - -","service":"my-app","timestamp":"2023-02-25T11:40:15.073Z"}
{"level":"info","message":"GET /products?page=1 - - ms - -","service":"my-app","timestamp":"2023-02-25T11:40:15.075Z"}
{"level":"info","message":"GET /products/search?page=1&categories=Inverter&countries=&companies=&brands= - - ms - -","service":"my-app","timestamp":"2023-02-25T11:40:15.077Z"}
{"level":"info","message":"GET /products/search?page=1&categories=Inverter,Battery,Solar&countries=India&companies=&brands= - - ms - -","service":"my-app","timestamp":"2023-02-25T11:40:15.078Z"}
{"level":"info","message":"GET /products?page=1 200 258.821 ms - 8040","service":"my-app","timestamp":"2023-02-25T11:40:16.260Z"}
{"level":"info","message":"GET /products?page=1 304 254.856 ms - -","service":"my-app","timestamp":"2023-02-25T11:40:19.260Z"}
{"level":"info","message":"GET /products?page=1 304 266.303 ms - -","service":"my-app","timestamp":"2023-02-25T11:40:19.541Z"}
{"level":"info","message":"GET /products?page=1 304 244.049 ms - -","service":"my-app","timestamp":"2023-02-25T11:40:19.848Z"}
{"level":"info","message":"GET /products?page=1 304 268.811 ms - -","service":"my-app","timestamp":"2023-02-25T11:40:20.597Z"}
{"level":"info","message":"GET /products?page=1 304 432.179 ms - -","service":"my-app","timestamp":"2023-02-25T11:40:56.077Z"}
{"level":"info","message":"GET /products?page=1 200 406.364 ms - 8040","service":"my-app","timestamp":"2023-02-25T11:43:11.831Z"}
{"level":"info","message":"GET /products?page=1 200 521.341 ms - 8040","service":"my-app","timestamp":"2023-02-25T11:43:11.949Z"}
{"level":"info","message":"GET /products?page=1 200 399.265 ms - 8040","service":"my-app","timestamp":"2023-02-25T11:43:12.239Z"}
{"level":"info","message":"GET /products?page=1 200 420.325 ms - 8040","service":"my-app","timestamp":"2023-02-25T11:43:12.374Z"}
{"level":"info","message":"GET /products?page=1 200 266.567 ms - 8040","service":"my-app","timestamp":"2023-02-25T11:43:12.518Z"}
{"level":"info","message":"GET /products?page=1 200 270.064 ms - 8040","service":"my-app","timestamp":"2023-02-25T11:43:12.652Z"}
{"level":"info","message":"GET /products?page=1 200 242.786 ms - 8040","service":"my-app","timestamp":"2023-02-25T11:43:12.768Z"}
{"level":"info","message":"GET /products?page=1 200 249.799 ms - 8040","service":"my-app","timestamp":"2023-02-25T11:43:12.905Z"}
{"level":"info","message":"GET /products?page=1 200 251.296 ms - 8040","service":"my-app","timestamp":"2023-02-25T11:43:13.159Z"}
{"level":"info","message":"GET /products?page=1 304 327.727 ms - -","service":"my-app","timestamp":"2023-02-25T11:46:36.576Z"}
{"level":"info","message":"GET /products?page=1 304 249.490 ms - -","service":"my-app","timestamp":"2023-02-25T11:47:00.349Z"}
{"level":"info","message":"GET /products?page=1 304 274.962 ms - -","service":"my-app","timestamp":"2023-02-25T11:47:00.706Z"}
{"level":"info","message":"GET /products?page=1 304 235.615 ms - -","service":"my-app","timestamp":"2023-02-25T11:47:01.283Z"}
{"level":"info","message":"GET /products?page=1 304 235.238 ms - -","service":"my-app","timestamp":"2023-02-25T11:47:05.064Z"}
{"level":"info","message":"GET /products/search?page=1&categories=Solar,Inverter,Battery&countries=&companies=&brands= - - ms - -","service":"my-app","timestamp":"2023-02-25T11:47:31.506Z"}
{"level":"info","message":"GET /products/search?page=1&categories=Solar&countries=&companies=&brands= - - ms - -","service":"my-app","timestamp":"2023-02-25T11:47:31.509Z"}
{"level":"info","message":"GET /products/search?page=1&categories=Solar,Inverter,Battery,All&countries=&companies=&brands= - - ms - -","service":"my-app","timestamp":"2023-02-25T11:47:31.512Z"}
{"level":"info","message":"GET /products/search?page=1&categories=Solar,Inverter,Battery,Other&countries=&companies=&brands= - - ms - -","service":"my-app","timestamp":"2023-02-25T11:47:31.514Z"}
{"level":"info","message":"GET /products/search?page=1&categories=All&countries=All&companies=&brands= - - ms - -","service":"my-app","timestamp":"2023-02-25T11:47:31.516Z"}
{"level":"info","message":"GET /products/search?page=1&categories=Solar,Inverter&countries=&companies=&brands= - - ms - -","service":"my-app","timestamp":"2023-02-25T11:47:31.518Z"}
{"level":"info","message":"GET /products?page=1 200 249.222 ms - 8040","service":"my-app","timestamp":"2023-02-25T11:47:32.421Z"}
{"level":"info","message":"GET /products?page=1 304 281.001 ms - -","service":"my-app","timestamp":"2023-02-25T11:47:39.084Z"}
{"level":"info","message":"GET /products?page=1 304 257.617 ms - -","service":"my-app","timestamp":"2023-02-25T11:47:39.606Z"}
{"level":"info","message":"GET /products?page=1 304 280.581 ms - -","service":"my-app","timestamp":"2023-02-25T11:47:40.076Z"}
{"level":"info","message":"GET /products?page=1 304 266.781 ms - -","service":"my-app","timestamp":"2023-02-25T11:47:40.545Z"}
{"level":"info","message":"GET /products?page=1 304 631.407 ms - -","service":"my-app","timestamp":"2023-02-25T11:53:39.042Z"}
{"level":"info","message":"GET /products?page=1 200 732.977 ms - 8040","service":"my-app","timestamp":"2023-02-25T11:53:39.161Z"}
{"level":"info","message":"GET /products?page=1 200 770.689 ms - 8040","service":"my-app","timestamp":"2023-02-25T11:53:39.202Z"}
{"level":"info","message":"GET /products?page=1 200 827.913 ms - 8040","service":"my-app","timestamp":"2023-02-25T11:55:06.896Z"}
{"level":"info","message":"GET /products?page=1 200 868.884 ms - 8040","service":"my-app","timestamp":"2023-02-25T11:55:06.921Z"}
{"level":"info","message":"GET /products?page=1 200 921.040 ms - 8040","service":"my-app","timestamp":"2023-02-25T11:55:06.980Z"}
{"level":"info","message":"GET /products?page=1 200 936.605 ms - 8040","service":"my-app","timestamp":"2023-02-25T11:55:06.999Z"}
{"level":"info","message":"GET /products/search?page=1&categories=All&countries=All&companies=&brands= - - ms - -","service":"my-app","timestamp":"2023-02-25T11:55:12.336Z"}
{"level":"info","message":"GET /products/search?page=1&categories=Inverter,Battery,Other&countries=Thailand&companies=&brands= - - ms - -","service":"my-app","timestamp":"2023-02-25T11:55:12.338Z"}
{"level":"info","message":"GET /products?page=1 200 313.950 ms - 8040","service":"my-app","timestamp":"2023-02-25T11:55:13.235Z"}
{"level":"info","message":"GET /products?page=1 304 264.592 ms - -","service":"my-app","timestamp":"2023-02-25T11:55:17.997Z"}
{"level":"info","message":"GET /products/search?page=1&categories=Solar,Inverter&countries=Oman&companies=&brands= 200 189.676 ms - 10467","service":"my-app","timestamp":"2023-02-25T11:58:57.394Z"}
{"level":"info","message":"GET /products/search?page=1&categories=&countries=China,India,South%20korea,Oman,Veitnam&companies=&brands= 200 549.634 ms - 10467","service":"my-app","timestamp":"2023-02-25T11:58:57.777Z"}
{"level":"info","message":"GET /products/search?page=1&categories=&countries=China&companies=&brands= 200 671.953 ms - 10467","service":"my-app","timestamp":"2023-02-25T11:58:57.905Z"}
{"level":"info","message":"GET /products/search?page=1&categories=&countries=China,India,South%20korea&companies=&brands= 200 777.018 ms - 10467","service":"my-app","timestamp":"2023-02-25T11:58:58.016Z"}
{"level":"info","message":"GET /products/search?page=1&categories=Solar&countries=&companies=&brands= 200 659.589 ms - 10467","service":"my-app","timestamp":"2023-02-25T11:58:58.062Z"}
{"level":"info","message":"GET /products?page=1 304 858.225 ms - -","service":"my-app","timestamp":"2023-02-25T11:58:58.076Z"}
{"level":"info","message":"GET /products?page=1 200 873.153 ms - 8040","service":"my-app","timestamp":"2023-02-25T11:58:58.096Z"}
{"level":"info","message":"GET /products/search?page=1&categories=Solar&countries=Oman&companies=&brands= 200 328.255 ms - 10467","service":"my-app","timestamp":"2023-02-25T11:58:58.113Z"}
{"level":"info","message":"GET /products/search?page=1&categories=All&countries=All&companies=&brands= 200 172.732 ms - 10467","service":"my-app","timestamp":"2023-02-25T11:59:02.333Z"}
{"level":"info","message":"GET /products?page=1 304 301.997 ms - -","service":"my-app","timestamp":"2023-02-25T11:59:02.471Z"}
{"level":"info","message":"GET /products/search?page=1&categories=Solar&countries=&companies=&brands= 304 139.323 ms - -","service":"my-app","timestamp":"2023-02-25T11:59:08.792Z"}
{"level":"info","message":"GET /products?page=1 304 273.485 ms - -","service":"my-app","timestamp":"2023-02-25T11:59:08.934Z"}
{"level":"info","message":"GET /products/search?page=1&categories=Solar,Inverter&countries=&companies=&brands= 200 139.051 ms - 10467","service":"my-app","timestamp":"2023-02-25T11:59:15.085Z"}
{"level":"info","message":"GET /products?page=1 304 272.815 ms - -","service":"my-app","timestamp":"2023-02-25T11:59:15.225Z"}
{"level":"info","message":"GET /products/search?page=1&categories=Solar,Inverter&countries=Oman&companies=&brands= 304 132.900 ms - -","service":"my-app","timestamp":"2023-02-25T11:59:15.929Z"}
{"level":"info","message":"GET /products?page=1 304 268.227 ms - -","service":"my-app","timestamp":"2023-02-25T11:59:16.070Z"}
{"level":"info","message":"GET /products/search?page=1&categories=Solar,Inverter,Battery&countries=Oman&companies=&brands= 200 144.909 ms - 10467","service":"my-app","timestamp":"2023-02-25T11:59:16.473Z"}
{"level":"info","message":"GET /products?page=1 304 315.962 ms - -","service":"my-app","timestamp":"2023-02-25T11:59:16.649Z"}
{"level":"info","message":"GET /products/search?page=1&categories=Solar,Inverter,Battery&countries=Oman,Veitnam&companies=&brands= 200 142.484 ms - 10467","service":"my-app","timestamp":"2023-02-25T11:59:16.969Z"}
{"level":"info","message":"GET /products?page=1 304 275.679 ms - -","service":"my-app","timestamp":"2023-02-25T11:59:17.107Z"}
{"level":"info","message":"GET /products/search?page=1&categories=Solar,Inverter,Battery&countries=Oman,Veitnam&companies=&brands= 304 193.570 ms - -","service":"my-app","timestamp":"2023-02-25T12:00:32.160Z"}
{"level":"info","message":"GET /products?page=1 304 452.081 ms - -","service":"my-app","timestamp":"2023-02-25T12:00:32.447Z"}
{"level":"info","message":"GET /products/search?page=1&categories=&countries=China,India,South%20korea,Oman,Veitnam,Thailand,Other&companies=&brands= 200 182.612 ms - 10467","service":"my-app","timestamp":"2023-02-25T12:00:33.171Z"}
{"level":"info","message":"GET /products?page=1 304 327.272 ms - -","service":"my-app","timestamp":"2023-02-25T12:00:33.325Z"}
{"level":"info","message":"GET /products/search?page=1&categories=Solar,Inverter,Battery,Other&countries=Oman,Veitnam&companies=&brands= 200 137.353 ms - 10467","service":"my-app","timestamp":"2023-02-25T12:00:37.858Z"}
{"level":"info","message":"GET /products?page=1 304 287.750 ms - -","service":"my-app","timestamp":"2023-02-25T12:00:38.016Z"}
{"level":"info","message":"GET /products/search?page=1&categories=All&countries=All&companies=&brands= 304 258.444 ms - -","service":"my-app","timestamp":"2023-02-25T12:07:16.751Z"}
{"level":"info","message":"GET /products?page=1 304 470.982 ms - -","service":"my-app","timestamp":"2023-02-25T12:07:16.995Z"}
{"level":"info","message":"GET /products/search?page=1&categories=Solar&countries=&companies=&brands= 304 147.682 ms - -","service":"my-app","timestamp":"2023-02-25T12:07:22.438Z"}
{"level":"info","message":"GET /products?page=1 304 299.755 ms - -","service":"my-app","timestamp":"2023-02-25T12:07:22.597Z"}
{"level":"info","message":"GET /products/search?page=1&categories=Solar,Inverter&countries=&companies=&brands= 304 164.296 ms - -","service":"my-app","timestamp":"2023-02-25T12:07:23.107Z"}
{"level":"info","message":"GET /products?page=1 304 292.919 ms - -","service":"my-app","timestamp":"2023-02-25T12:07:23.243Z"}
{"level":"info","message":"GET /products/search?page=1&categories=Solar,Inverter,Battery&countries=&companies=&brands= 200 144.148 ms - 10467","service":"my-app","timestamp":"2023-02-25T12:07:23.617Z"}
{"level":"info","message":"GET /products?page=1 304 274.815 ms - -","service":"my-app","timestamp":"2023-02-25T12:07:23.753Z"}
{"level":"info","message":"GET /products/search?page=1&categories=Solar,Inverter,Battery&countries=Veitnam&companies=&brands= 200 186.496 ms - 10467","service":"my-app","timestamp":"2023-02-25T12:07:27.592Z"}
{"level":"info","message":"GET /products?page=1 304 341.138 ms - -","service":"my-app","timestamp":"2023-02-25T12:07:27.752Z"}
{"level":"info","message":"GET /products/search?page=1&categories=Solar,Inverter,Battery&countries=Veitnam,Oman&companies=&brands= 200 153.762 ms - 10467","service":"my-app","timestamp":"2023-02-25T12:07:28.148Z"}
{"level":"info","message":"GET /products?page=1 304 285.608 ms - -","service":"my-app","timestamp":"2023-02-25T12:07:28.285Z"}
{"level":"info","message":"GET /products/search?page=1&categories=Solar,Inverter,Battery&countries=Veitnam,Oman,Thailand&companies=&brands= 200 422.597 ms - 10467","service":"my-app","timestamp":"2023-02-25T12:07:28.955Z"}
{"level":"info","message":"GET /products?page=1 304 868.325 ms - -","service":"my-app","timestamp":"2023-02-25T12:07:29.406Z"}
{"level":"info","message":"GET /products/search?page=1&categories=Solar,Inverter,Battery&countries=Veitnam,Oman&companies=&brands= 304 149.723 ms - -","service":"my-app","timestamp":"2023-02-25T12:07:34.254Z"}
{"level":"info","message":"GET /products?page=1 304 273.724 ms - -","service":"my-app","timestamp":"2023-02-25T12:07:34.386Z"}
{"level":"info","message":"GET /products/search?page=1&categories=Solar,Inverter,Battery&countries=Oman&companies=&brands= 304 132.377 ms - -","service":"my-app","timestamp":"2023-02-25T12:07:34.680Z"}
{"level":"info","message":"GET /products?page=1 304 257.912 ms - -","service":"my-app","timestamp":"2023-02-25T12:07:34.810Z"}
{"level":"info","message":"GET /products/search?page=1&categories=Solar,Battery&countries=Oman&companies=&brands= 200 137.139 ms - 10467","service":"my-app","timestamp":"2023-02-25T12:07:45.225Z"}
{"level":"info","message":"GET /products?page=1 304 263.821 ms - -","service":"my-app","timestamp":"2023-02-25T12:07:45.357Z"}
{"level":"info","message":"GET /products/search?page=1&categories=Solar&countries=Oman&companies=&brands= 304 141.941 ms - -","service":"my-app","timestamp":"2023-02-25T12:07:51.211Z"}
{"level":"info","message":"GET /products?page=1 304 280.199 ms - -","service":"my-app","timestamp":"2023-02-25T12:07:51.354Z"}
{"level":"info","message":"GET /products?page=1 304 297.993 ms - -","service":"my-app","timestamp":"2023-02-25T12:07:56.367Z"}
{"level":"info","message":"GET /products/search?page=1&categories=Solar,Battery&countries=Oman&companies=&brands= 304 315.827 ms - -","service":"my-app","timestamp":"2023-02-25T12:07:56.380Z"}
{"level":"info","message":"GET /products/search?page=1&categories=Solar,Battery,Inverter&countries=Oman&companies=&brands= 200 141.467 ms - 10467","service":"my-app","timestamp":"2023-02-25T12:07:58.610Z"}
{"level":"info","message":"GET /products?page=1 304 268.643 ms - -","service":"my-app","timestamp":"2023-02-25T12:07:58.741Z"}
{"level":"info","message":"GET /products/search?page=1&categories=Solar,Battery,Inverter,Other&countries=Oman&companies=&brands= 200 137.594 ms - 10467","service":"my-app","timestamp":"2023-02-25T12:07:59.377Z"}
{"level":"info","message":"GET /products?page=1 304 263.891 ms - -","service":"my-app","timestamp":"2023-02-25T12:07:59.508Z"}
{"level":"info","message":"GET /products/search?page=1&categories=Solar,Battery,Inverter,Other&countries=Oman,Thailand&companies=&brands= 200 129.988 ms - 10467","service":"my-app","timestamp":"2023-02-25T12:08:03.092Z"}
{"level":"info","message":"GET /products?page=1 304 256.003 ms - -","service":"my-app","timestamp":"2023-02-25T12:08:03.222Z"}
{"level":"info","message":"GET /products/search?page=1&categories=Solar,Battery,Inverter,Other&countries=Oman,Thailand,Other&companies=&brands= 200 147.620 ms - 10467","service":"my-app","timestamp":"2023-02-25T12:08:03.535Z"}
{"level":"info","message":"GET /products?page=1 304 278.982 ms - -","service":"my-app","timestamp":"2023-02-25T12:08:03.670Z"}
{"level":"info","message":"GET /products/search?page=1&categories=Solar,Battery,Inverter,Other&countries=Oman,Thailand,Other,Veitnam&companies=&brands= 200 148.605 ms - 10467","service":"my-app","timestamp":"2023-02-25T12:08:04.242Z"}
{"level":"info","message":"GET /products?page=1 304 275.702 ms - -","service":"my-app","timestamp":"2023-02-25T12:08:04.373Z"}
{"level":"info","message":"GET /products/search?page=1&categories=Solar,Battery,Inverter,Other&countries=Oman,Thailand,Other,Veitnam,India&companies=&brands= 200 140.895 ms - 10467","service":"my-app","timestamp":"2023-02-25T12:08:05.188Z"}
{"level":"info","message":"GET /products?page=1 304 271.894 ms - -","service":"my-app","timestamp":"2023-02-25T12:08:05.323Z"}
{"level":"info","message":"GET /products/search?page=1&categories=Solar,Battery,Inverter,Other&countries=Oman,Thailand,Other,Veitnam,India,China&companies=&brands= 200 135.729 ms - 10467","service":"my-app","timestamp":"2023-02-25T12:08:05.610Z"}
{"level":"info","message":"GET /products?page=1 304 259.267 ms - -","service":"my-app","timestamp":"2023-02-25T12:08:05.738Z"}
{"level":"info","message":"GET /products/search?page=1&categories=Solar,Battery,Inverter,Other&countries=Oman,Thailand,Other,Veitnam,India,China,South%20korea&companies=&brands= 200 138.153 ms - 10467","service":"my-app","timestamp":"2023-02-25T12:08:06.087Z"}
{"level":"info","message":"GET /products?page=1 304 283.060 ms - -","service":"my-app","timestamp":"2023-02-25T12:08:06.240Z"}
{"level":"info","message":"GET /products/search?page=1&categories=Solar,Battery,Inverter,All&countries=Oman,Thailand,Other,Veitnam,India,China,South%20korea&companies=&brands= 200 130.869 ms - 10467","service":"my-app","timestamp":"2023-02-25T12:08:13.895Z"}
{"level":"info","message":"GET /products?page=1 304 266.652 ms - -","service":"my-app","timestamp":"2023-02-25T12:08:14.037Z"}
{"level":"info","message":"GET /products/search?page=1&categories=Solar,Battery,Inverter,All&countries=Oman,Thailand,Other,Veitnam,India,China,All&companies=&brands= 200 133.958 ms - 10467","service":"my-app","timestamp":"2023-02-25T12:08:14.447Z"}
{"level":"info","message":"GET /products?page=1 304 281.738 ms - -","service":"my-app","timestamp":"2023-02-25T12:08:14.603Z"}
{"level":"info","message":"GET /products/search?page=1&categories=Battery,Inverter&countries=Oman,Thailand,Other,Veitnam,India,China,All&companies=&brands= 200 131.778 ms - 10467","service":"my-app","timestamp":"2023-02-25T12:08:19.793Z"}
{"level":"info","message":"GET /products?page=1 304 251.805 ms - -","service":"my-app","timestamp":"2023-02-25T12:08:19.920Z"}
{"level":"info","message":"GET /products/search?page=1&categories=Battery&countries=Oman,Thailand,Other,Veitnam,India,China,All&companies=&brands= 200 138.000 ms - 10467","service":"my-app","timestamp":"2023-02-25T12:08:20.232Z"}
{"level":"info","message":"GET /products?page=1 304 273.918 ms - -","service":"my-app","timestamp":"2023-02-25T12:08:20.375Z"}
{"level":"info","message":"GET /products/search?page=1&categories=&countries=Oman,Thailand,Other,Veitnam,India,China,All&companies=&brands= 200 143.100 ms - 10467","service":"my-app","timestamp":"2023-02-25T12:08:20.521Z"}
{"level":"info","message":"GET /products?page=1 304 271.939 ms - -","service":"my-app","timestamp":"2023-02-25T12:08:20.656Z"}
{"level":"info","message":"GET /products/search?page=1&categories=&countries=Oman,Thailand,Veitnam,India,China&companies=&brands= 200 136.507 ms - 10467","service":"my-app","timestamp":"2023-02-25T12:08:20.999Z"}
{"level":"info","message":"GET /products?page=1 304 259.327 ms - -","service":"my-app","timestamp":"2023-02-25T12:08:21.127Z"}
{"level":"info","message":"GET /products/search?page=1&categories=&countries=Oman,Veitnam,India,China&companies=&brands= 200 150.601 ms - 10467","service":"my-app","timestamp":"2023-02-25T12:08:21.336Z"}
{"level":"info","message":"GET /products?page=1 304 286.083 ms - -","service":"my-app","timestamp":"2023-02-25T12:08:21.475Z"}
{"level":"info","message":"GET /products/search?page=1&categories=&countries=Oman,India,China&companies=&brands= 200 136.858 ms - 10467","service":"my-app","timestamp":"2023-02-25T12:08:21.668Z"}
{"level":"info","message":"GET /products?page=1 304 264.887 ms - -","service":"my-app","timestamp":"2023-02-25T12:08:21.800Z"}
{"level":"info","message":"GET /products/search?page=1&categories=&countries=India,China&companies=&brands= 200 136.350 ms - 10467","service":"my-app","timestamp":"2023-02-25T12:08:22.096Z"}
{"level":"info","message":"GET /products?page=1 304 257.887 ms - -","service":"my-app","timestamp":"2023-02-25T12:08:22.221Z"}
{"level":"info","message":"GET /products/search?page=1&categories=&countries=China&companies=&brands= 304 134.727 ms - -","service":"my-app","timestamp":"2023-02-25T12:08:22.904Z"}
{"level":"info","message":"GET /products?page=1 304 252.374 ms - -","service":"my-app","timestamp":"2023-02-25T12:08:23.026Z"}
{"level":"info","message":"GET /products/search?page=1&categories=&countries=&companies=&brands= 200 135.493 ms - 10467","service":"my-app","timestamp":"2023-02-25T12:08:23.282Z"}
{"level":"info","message":"GET /products?page=1 304 262.936 ms - -","service":"my-app","timestamp":"2023-02-25T12:08:23.413Z"}
{"level":"info","message":"GET /products/search?page=1&categories=All&countries=&companies=&brands= 200 128.007 ms - 10467","service":"my-app","timestamp":"2023-02-25T12:08:27.408Z"}
{"level":"info","message":"GET /products?page=1 304 266.867 ms - -","service":"my-app","timestamp":"2023-02-25T12:08:27.551Z"}
{"level":"info","message":"GET /products/search?page=1&categories=All&countries=All&companies=&brands= 304 139.690 ms - -","service":"my-app","timestamp":"2023-02-25T12:08:27.818Z"}
{"level":"info","message":"GET /products?page=1 304 268.036 ms - -","service":"my-app","timestamp":"2023-02-25T12:08:27.951Z"}
{"level":"info","message":"GET /products/search?page=1&categories=All&countries=All&companies=&brands= 304 142.679 ms - -","service":"my-app","timestamp":"2023-02-25T12:36:45.082Z"}
{"level":"info","message":"GET /products?page=1 304 267.736 ms - -","service":"my-app","timestamp":"2023-02-25T12:36:45.211Z"}
{"level":"info","message":"GET /products/search?page=1&categories=All&countries=All&companies=&brands= 304 131.235 ms - -","service":"my-app","timestamp":"2023-02-25T12:36:53.539Z"}
{"level":"info","message":"GET /products?page=1 304 260.445 ms - -","service":"my-app","timestamp":"2023-02-25T12:36:53.673Z"}
{"level":"info","message":"GET /products/search?page=1&categories=All&countries=All&companies=&brands= 304 129.158 ms - -","service":"my-app","timestamp":"2023-02-25T12:45:50.303Z"}
{"level":"info","message":"GET /products?page=1 304 254.583 ms - -","service":"my-app","timestamp":"2023-02-25T12:45:50.433Z"}
{"level":"info","message":"GET /products/search?page=1&categories=&countries=&companies=&brands= 304 1126.113 ms - -","service":"my-app","timestamp":"2023-02-25T12:55:06.203Z"}
{"level":"info","message":"GET /products?page=1 304 1528.275 ms - -","service":"my-app","timestamp":"2023-02-25T12:55:06.609Z"}
{"level":"info","message":"GET /products/search?page=1&categories=&countries=&companies=&brands= 304 248.298 ms - -","service":"my-app","timestamp":"2023-02-25T12:55:09.291Z"}
{"level":"info","message":"GET /products?page=1 304 370.733 ms - -","service":"my-app","timestamp":"2023-02-25T12:55:09.417Z"}
{"level":"info","message":"GET /products/search?page=1&categories=&countries=&companies=&brands= 304 131.434 ms - -","service":"my-app","timestamp":"2023-02-25T12:55:59.070Z"}
{"level":"info","message":"GET /products?page=1 304 243.663 ms - -","service":"my-app","timestamp":"2023-02-25T12:55:59.186Z"}
{"level":"info","message":"GET /products/search?page=1&categories=&countries=&companies=&brands= 304 149.156 ms - -","service":"my-app","timestamp":"2023-02-25T12:56:02.259Z"}
{"level":"info","message":"GET /products?page=1 304 257.683 ms - -","service":"my-app","timestamp":"2023-02-25T12:56:02.372Z"}
{"level":"info","message":"GET /products/search?page=1&categories=&countries=&companies=&brands= 304 129.492 ms - -","service":"my-app","timestamp":"2023-02-25T12:56:03.340Z"}
{"level":"info","message":"GET /products?page=1 304 259.568 ms - -","service":"my-app","timestamp":"2023-02-25T12:56:03.476Z"}
{"level":"info","message":"GET /products/search?page=1&categories=&countries=&companies=&brands= 304 136.962 ms - -","service":"my-app","timestamp":"2023-02-25T12:56:11.301Z"}
{"level":"info","message":"GET /products?page=1 304 256.780 ms - -","service":"my-app","timestamp":"2023-02-25T12:56:11.426Z"}
{"level":"info","message":"GET /products/search?page=1&categories=&countries=&companies=&brands= 304 127.499 ms - -","service":"my-app","timestamp":"2023-02-25T12:56:30.839Z"}
{"level":"info","message":"GET /products?page=1 304 257.504 ms - -","service":"my-app","timestamp":"2023-02-25T12:56:30.974Z"}
{"level":"info","message":"GET /products/search?page=1&categories=&countries=&companies=&brands= 304 149.023 ms - -","service":"my-app","timestamp":"2023-02-25T12:56:31.801Z"}
{"level":"info","message":"GET /products?page=1 304 243.675 ms - -","service":"my-app","timestamp":"2023-02-25T12:56:31.899Z"}
{"level":"info","message":"GET /products/search?page=1&categories=&countries=&companies=&brands= 304 146.250 ms - -","service":"my-app","timestamp":"2023-02-25T12:56:50.169Z"}
{"level":"info","message":"GET /products?page=1 304 273.890 ms - -","service":"my-app","timestamp":"2023-02-25T12:56:50.302Z"}
{"level":"info","message":"GET /products/search?page=1&categories=Inverter,Solar,Battery&countries=South%20korea,Oman&companies=&brands= 200 147.212 ms - 10467","service":"my-app","timestamp":"2023-02-25T12:57:24.689Z"}
{"level":"info","message":"GET /products/search?page=1&categories=Inverter,Solar,Battery&countries=South%20korea,Oman&companies=&brands= 304 134.127 ms - -","service":"my-app","timestamp":"2023-02-25T12:57:24.838Z"}
{"level":"info","message":"GET /products/search?page=1&categories=All&countries=All&companies=&brands= 304 135.607 ms - -","service":"my-app","timestamp":"2023-02-25T12:57:28.566Z"}
{"level":"info","message":"GET /products/search?page=1&categories=All&countries=All&companies=&brands= 304 140.923 ms - -","service":"my-app","timestamp":"2023-02-25T12:57:28.732Z"}
{"level":"info","message":"GET /products/search?page=1&categories=All&countries=All&companies=&brands= 304 137.828 ms - -","service":"my-app","timestamp":"2023-02-25T13:03:49.139Z"}
{"level":"info","message":"GET /products/search?page=1&categories=All&countries=All&companies=&brands= 304 127.011 ms - -","service":"my-app","timestamp":"2023-02-25T13:03:49.269Z"}
{"level":"info","message":"GET /products/search?page=1&categories=All&countries=All&companies=&brands= 304 131.623 ms - -","service":"my-app","timestamp":"2023-02-25T13:03:51.424Z"}
{"level":"info","message":"GET /products/search?page=1&categories=All&countries=All&companies=&brands= 304 142.323 ms - -","service":"my-app","timestamp":"2023-02-25T13:03:51.569Z"}
{"level":"info","message":"GET /products/search?page=1&categories=All&countries=All&companies=&brands= 200 706.434 ms - 133604","service":"my-app","timestamp":"2023-02-25T13:05:02.044Z"}
{"level":"info","message":"GET /products/search?page=1&categories=All&countries=All&companies=&brands= 304 378.938 ms - -","service":"my-app","timestamp":"2023-02-25T13:05:02.433Z"}
{"level":"info","message":"GET /products/search?page=1&categories=All&countries=All&companies=&brands= 304 2862.368 ms - -","service":"my-app","timestamp":"2023-02-25T13:07:15.108Z"}
{"level":"info","message":"GET /products/search?page=1&categories=All&countries=All&companies=&brands= 304 2461.056 ms - -","service":"my-app","timestamp":"2023-02-25T13:07:17.578Z"}
{"level":"info","message":"GET /products/search?page=1&categories=All&countries=All&companies=&brands= 304 705.320 ms - -","service":"my-app","timestamp":"2023-02-25T13:08:03.032Z"}
{"level":"info","message":"GET /products/search?page=1&categories=All&countries=All&companies=&brands= 304 365.347 ms - -","service":"my-app","timestamp":"2023-02-25T13:08:03.418Z"}
{"level":"info","message":"GET /products/search?page=1&categories=All&countries=All&companies=&brands= 304 2962.804 ms - -","service":"my-app","timestamp":"2023-02-25T13:09:49.328Z"}
{"level":"info","message":"GET /products/search?page=1&categories=All&countries=All&companies=&brands= 304 3589.679 ms - -","service":"my-app","timestamp":"2023-02-25T13:09:52.923Z"}
{"level":"info","message":"GET /products/search?page=1&categories=All&countries=All&companies=&brands= 304 3469.522 ms - -","service":"my-app","timestamp":"2023-02-25T13:09:56.397Z"}
{"level":"info","message":"GET /products/search?page=1&categories=All&countries=All&companies=&brands= 304 553.388 ms - -","service":"my-app","timestamp":"2023-02-25T13:09:56.954Z"}
{"level":"info","message":"GET /products/search?page=1&categories=All&countries=All&companies=&brands= 304 19800.180 ms - -","service":"my-app","timestamp":"2023-02-25T13:10:20.648Z"}
{"level":"info","message":"GET /products/search?page=1&categories=All&countries=All&companies=&brands= - - ms - -","service":"my-app","timestamp":"2023-02-25T13:10:21.843Z"}
{"level":"info","message":"GET /products/search?page=1&categories=All&countries=All&companies=&brands= 200 854.154 ms - 133604","service":"my-app","timestamp":"2023-02-25T13:10:22.644Z"}
{"level":"info","message":"GET /products/search?page=1&categories=All&countries=All&companies=&brands= 200 1161.758 ms - 133604","service":"my-app","timestamp":"2023-02-25T13:10:22.957Z"}
{"level":"info","message":"GET /products/search?page=1&categories=All&countries=All&companies=&brands= 200 811.050 ms - 133604","service":"my-app","timestamp":"2023-02-25T13:10:24.628Z"}
{"level":"info","message":"GET /products/search?page=1&categories=All&countries=All&companies=&brands= 304 781.386 ms - -","service":"my-app","timestamp":"2023-02-25T13:10:25.414Z"}
{"level":"info","message":"GET /products/search?page=1&categories=All&countries=All&companies=&brands= 304 740.935 ms - -","service":"my-app","timestamp":"2023-02-25T13:10:26.158Z"}
{"level":"info","message":"GET /products/search?page=1&categories=All&countries=All&companies=&brands= 304 782.525 ms - -","service":"my-app","timestamp":"2023-02-25T13:10:26.945Z"}
{"level":"info","message":"GET /products/search?page=1&categories=All&countries=All&companies=&brands= 304 827.584 ms - -","service":"my-app","timestamp":"2023-02-25T13:11:53.310Z"}
{"level":"info","message":"GET /products/search?page=1&categories=All&countries=All&companies=&brands= 304 756.839 ms - -","service":"my-app","timestamp":"2023-02-25T13:11:54.072Z"}
{"level":"info","message":"GET /products/search?page=1&categories=All&countries=All&companies=&brands= 304 760.842 ms - -","service":"my-app","timestamp":"2023-02-25T13:11:54.836Z"}
{"level":"info","message":"GET /products/search?page=1&categories=All&countries=All&companies=&brands= 304 780.542 ms - -","service":"my-app","timestamp":"2023-02-25T13:11:55.620Z"}
{"level":"info","message":"GET /products/search?page=1&categories=All&countries=All&companies=&brands= 304 860.277 ms - -","service":"my-app","timestamp":"2023-02-25T13:12:51.614Z"}
{"level":"info","message":"GET /products/search?page=1&categories=All&countries=All&companies=&brands= 304 787.275 ms - -","service":"my-app","timestamp":"2023-02-25T13:12:52.415Z"}
{"level":"info","message":"GET /products/search?page=1&categories=All&countries=All&companies=&brands= 304 770.670 ms - -","service":"my-app","timestamp":"2023-02-25T13:12:53.188Z"}
{"level":"info","message":"GET /products/search?page=1&categories=All&countries=All&companies=&brands= 304 761.987 ms - -","service":"my-app","timestamp":"2023-02-25T13:12:53.954Z"}
{"level":"info","message":"GET /products/search?page=1&categories=All&countries=All&companies=&brands= 304 765.812 ms - -","service":"my-app","timestamp":"2023-02-25T13:13:02.419Z"}
{"level":"info","message":"GET /products/search?page=1&categories=All&countries=All&companies=&brands= 304 779.839 ms - -","service":"my-app","timestamp":"2023-02-25T13:13:03.202Z"}
{"level":"info","message":"GET /products/search?page=1&categories=All&countries=All&companies=&brands= 304 763.792 ms - -","service":"my-app","timestamp":"2023-02-25T13:17:43.744Z"}
{"level":"info","message":"GET /products/search?page=1&categories=All&countries=All&companies=&brands= 304 798.598 ms - -","service":"my-app","timestamp":"2023-02-25T13:17:44.546Z"}
{"level":"info","message":"GET /products/search?page=1&categories=All&countries=All&companies=&brands= 304 809.847 ms - -","service":"my-app","timestamp":"2023-02-25T13:17:45.360Z"}
{"level":"info","message":"GET /products/search?page=1&categories=All&countries=All&companies=&brands= 304 744.040 ms - -","service":"my-app","timestamp":"2023-02-25T13:17:46.108Z"}
{"level":"info","message":"GET /products/search?page=1&categories=All&countries=All&companies=&brands= 304 760.838 ms - -","service":"my-app","timestamp":"2023-02-25T13:17:49.971Z"}
{"level":"info","message":"GET /products/search?page=1&categories=All&countries=All&companies=&brands= 304 790.304 ms - -","service":"my-app","timestamp":"2023-02-25T13:17:50.764Z"}
{"level":"info","message":"GET /products/search?page=1&categories=All&countries=All&companies=&brands= 304 799.727 ms - -","service":"my-app","timestamp":"2023-02-25T13:18:52.750Z"}
{"level":"info","message":"GET /products/search?page=1&categories=All&countries=All&companies=&brands= 304 846.782 ms - -","service":"my-app","timestamp":"2023-02-25T13:18:53.603Z"}
{"level":"info","message":"GET /products/search?page=1&categories=Inverter&countries=&companies=&brands= 200 321.561 ms - 25312","service":"my-app","timestamp":"2023-02-25T13:19:04.652Z"}
{"level":"info","message":"GET /products/search?page=1&categories=Inverter&countries=&companies=&brands= 304 343.839 ms - -","service":"my-app","timestamp":"2023-02-25T13:19:05.000Z"}
{"level":"info","message":"GET /products/search?page=1&categories=Inverter,Battery&countries=&companies=&brands= 200 765.183 ms - 129599","service":"my-app","timestamp":"2023-02-25T13:19:10.116Z"}
{"level":"info","message":"GET /products/search?page=1&categories=Inverter,Battery&countries=&companies=&brands= 304 797.068 ms - -","service":"my-app","timestamp":"2023-02-25T13:19:10.917Z"}
{"level":"info","message":"GET /products/search?page=1&categories=Inverter,Battery&countries=India&companies=&brands= 200 131.196 ms - 14091","service":"my-app","timestamp":"2023-02-25T13:19:16.087Z"}
{"level":"info","message":"GET /products/search?page=1&categories=Inverter,Battery&countries=India&companies=&brands= 304 136.138 ms - -","service":"my-app","timestamp":"2023-02-25T13:19:16.237Z"}
{"level":"info","message":"GET /products/search?page=1&categories=Inverter,Battery,Solar&countries=India&companies=&brands= 200 132.292 ms - 14091","service":"my-app","timestamp":"2023-02-25T13:19:18.114Z"}
{"level":"info","message":"GET /products/search?page=1&categories=Inverter,Battery,Solar&countries=India&companies=&brands= 304 119.195 ms - -","service":"my-app","timestamp":"2023-02-25T13:19:18.236Z"}
{"level":"info","message":"GET /products/search?page=1&categories=Battery,Solar&countries=India&companies=&brands= 200 149.648 ms - 14091","service":"my-app","timestamp":"2023-02-25T13:19:20.781Z"}
{"level":"info","message":"GET /products/search?page=1&categories=Battery,Solar&countries=India&companies=&brands= 304 151.651 ms - -","service":"my-app","timestamp":"2023-02-25T13:19:20.935Z"}
{"level":"info","message":"GET /products/search?page=1&categories=Solar&countries=India&companies=&brands= 200 129.216 ms - 11","service":"my-app","timestamp":"2023-02-25T13:19:21.130Z"}
{"level":"info","message":"GET /products/search?page=1&categories=Solar&countries=India&companies=&brands= 304 121.864 ms - -","service":"my-app","timestamp":"2023-02-25T13:19:21.254Z"}
{"level":"info","message":"GET /products/search?page=1&categories=Solar&countries=India,China&companies=&brands= 200 123.470 ms - 4015","service":"my-app","timestamp":"2023-02-25T13:19:23.233Z"}
{"level":"info","message":"GET /products/search?page=1&categories=Solar&countries=India,China&companies=&brands= 304 124.511 ms - -","service":"my-app","timestamp":"2023-02-25T13:19:23.361Z"}
{"level":"info","message":"GET /products/search?page=1&categories=Solar&countries=China&companies=&brands= 200 128.423 ms - 4015","service":"my-app","timestamp":"2023-02-25T13:19:23.665Z"}
{"level":"info","message":"GET /products/search?page=1&categories=Solar&countries=China&companies=&brands= 304 123.014 ms - -","service":"my-app","timestamp":"2023-02-25T13:19:23.790Z"}
{"level":"info","message":"GET /products/search?page=1&categories=All&countries=All&companies=&brands= 304 858.371 ms - -","service":"my-app","timestamp":"2023-02-25T13:19:36.088Z"}
{"level":"info","message":"GET /products/search?page=1&categories=All&countries=All&companies=&brands= 304 794.008 ms - -","service":"my-app","timestamp":"2023-02-25T13:21:24.793Z"}
{"level":"info","message":"GET /products/search?page=1&categories=All&countries=All&companies=&brands= 304 990.098 ms - -","service":"my-app","timestamp":"2023-02-25T13:21:25.802Z"}
{"level":"info","message":"GET /products/search?page=1&categories=All&countries=All&companies=&brands= 304 820.051 ms - -","service":"my-app","timestamp":"2023-02-25T13:21:47.853Z"}
{"level":"info","message":"GET /products/search?page=1&categories=All&countries=All&companies=&brands= 304 820.692 ms - -","service":"my-app","timestamp":"2023-02-25T13:21:48.811Z"}
{"level":"info","message":"GET /products/search?page=1&categories=All&countries=All&companies=&brands= 304 823.039 ms - -","service":"my-app","timestamp":"2023-02-25T13:23:07.079Z"}
{"level":"info","message":"GET /products/search?page=1&categories=All&countries=All&companies=&brands= 304 789.254 ms - -","service":"my-app","timestamp":"2023-02-25T13:23:07.871Z"}
{"level":"info","message":"GET /products/search?page=1&categories=Other&countries=&companies=&brands= 200 119.991 ms - 11","service":"my-app","timestamp":"2023-02-25T13:23:10.919Z"}
{"level":"info","message":"GET /products/search?page=1&categories=Other&countries=&companies=&brands= 304 111.058 ms - -","service":"my-app","timestamp":"2023-02-25T13:23:11.052Z"}
{"level":"info","message":"GET /products/search?page=1&categories=Other&countries=&companies=&brands= 304 118.413 ms - -","service":"my-app","timestamp":"2023-02-25T13:23:24.347Z"}
{"level":"info","message":"GET /products/search?page=1&categories=All&countries=All&companies=&brands= 304 788.098 ms - -","service":"my-app","timestamp":"2023-02-25T13:23:25.779Z"}
{"level":"info","message":"GET /products/search?page=1&categories=&countries=&companies=&brands= 200 778.644 ms - 133604","service":"my-app","timestamp":"2023-02-25T13:23:29.776Z"}
{"level":"info","message":"GET /products/search?page=1&categories=&countries=&companies=&brands= 304 733.515 ms - -","service":"my-app","timestamp":"2023-02-25T13:23:30.513Z"}
{"level":"info","message":"GET /products/search?page=1&categories=&countries=&companies=&brands= 304 781.360 ms - -","service":"my-app","timestamp":"2023-02-25T13:24:06.698Z"}
{"level":"info","message":"GET /products/search?page=1&categories=All&countries=All&companies=&brands= 304 805.163 ms - -","service":"my-app","timestamp":"2023-02-25T13:24:06.790Z"}
{"level":"info","message":"GET /products?page=1 304 258.926 ms - -","service":"my-app","timestamp":"2023-02-25T13:24:16.091Z"}
{"level":"info","message":"GET /products/search?page=1&categories=&countries=&companies=&brands= 304 771.818 ms - -","service":"my-app","timestamp":"2023-02-25T13:24:16.599Z"}
{"level":"info","message":"GET /products?page=1 304 242.686 ms - -","service":"my-app","timestamp":"2023-02-25T13:24:29.671Z"}
{"level":"info","message":"GET /products/search?page=1&categories=&countries=&companies=&brands= 304 780.610 ms - -","service":"my-app","timestamp":"2023-02-25T13:24:30.206Z"}
{"level":"info","message":"GET /products/search?page=1&categories=&countries=&companies=&brands= 304 771.590 ms - -","service":"my-app","timestamp":"2023-02-25T13:24:34.563Z"}
{"level":"info","message":"GET /products/search?page=1&categories=&countries=&companies=&brands= 304 839.696 ms - -","service":"my-app","timestamp":"2023-02-25T13:24:35.406Z"}
{"level":"info","message":"GET /products?page=1 304 253.416 ms - -","service":"my-app","timestamp":"2023-02-25T13:24:38.056Z"}
{"level":"info","message":"GET /products/search?page=1&categories=&countries=&companies=&brands= 304 777.716 ms - -","service":"my-app","timestamp":"2023-02-25T13:24:38.575Z"}
{"level":"info","message":"GET /products/search?page=1&categories=All&countries=All&companies=&brands= 304 815.893 ms - -","service":"my-app","timestamp":"2023-02-25T13:24:51.791Z"}
{"level":"info","message":"GET /products?page=1 304 247.234 ms - -","service":"my-app","timestamp":"2023-02-25T13:24:53.400Z"}
{"level":"info","message":"GET /products/search?page=1&categories=&countries=&companies=&brands= 304 771.491 ms - -","service":"my-app","timestamp":"2023-02-25T13:24:53.918Z"}
{"level":"info","message":"GET /products/search?page=1&categories=&countries=&companies=&brands= 304 789.947 ms - -","service":"my-app","timestamp":"2023-02-25T13:26:46.352Z"}
{"level":"info","message":"GET /products/search?page=1&categories=&countries=&companies=&brands= 304 758.666 ms - -","service":"my-app","timestamp":"2023-02-25T13:26:47.113Z"}
{"level":"info","message":"GET /products?page=1 304 246.818 ms - -","service":"my-app","timestamp":"2023-02-25T13:26:57.503Z"}
{"level":"info","message":"GET /products/search?page=1&categories=&countries=&companies=&brands= 304 786.890 ms - -","service":"my-app","timestamp":"2023-02-25T13:26:58.038Z"}
{"level":"info","message":"GET /products/search?page=1&categories=All&countries=All&companies=&brands= 304 782.491 ms - -","service":"my-app","timestamp":"2023-02-25T13:27:51.827Z"}
{"level":"info","message":"GET /products/search?page=1&categories=All&countries=All&companies=&brands= 304 787.550 ms - -","service":"my-app","timestamp":"2023-02-25T13:27:55.836Z"}
{"level":"info","message":"GET /products?page=1 304 245.002 ms - -","service":"my-app","timestamp":"2023-02-25T13:28:04.871Z"}
{"level":"info","message":"GET /products/search?page=1&categories=&countries=&companies=&brands= 304 789.062 ms - -","service":"my-app","timestamp":"2023-02-25T13:28:05.410Z"}
{"level":"info","message":"GET /products/search?page=1&categories=All&countries=All&companies=&brands= 304 802.950 ms - -","service":"my-app","timestamp":"2023-02-25T13:31:09.943Z"}
{"level":"info","message":"GET /products?page=1 304 240.562 ms - -","service":"my-app","timestamp":"2023-02-25T13:31:17.834Z"}
{"level":"info","message":"GET /products/search?page=1&categories=&countries=&companies=&brands= 304 809.764 ms - -","service":"my-app","timestamp":"2023-02-25T13:31:18.399Z"}
{"level":"info","message":"GET /products?page=1 304 262.897 ms - -","service":"my-app","timestamp":"2023-02-25T13:34:17.734Z"}
{"level":"info","message":"GET /products/search?page=1&categories=&countries=&companies=&brands= - - ms - -","service":"my-app","timestamp":"2023-02-25T13:34:18.169Z"}
{"level":"info","message":"GET /products?page=1 304 262.933 ms - -","service":"my-app","timestamp":"2023-02-25T13:34:19.517Z"}
{"level":"info","message":"GET /products?page=1 304 240.778 ms - -","service":"my-app","timestamp":"2023-02-25T13:34:19.761Z"}
{"level":"info","message":"GET /products/search?page=1&categories=&countries=&companies=&brands= 200 814.768 ms - 133604","service":"my-app","timestamp":"2023-02-25T13:34:20.063Z"}
{"level":"info","message":"GET /products/search?page=1&categories=&countries=&companies=&brands= 304 782.668 ms - -","service":"my-app","timestamp":"2023-02-25T13:34:20.848Z"}
{"level":"info","message":"GET /products?page=1 304 242.156 ms - -","service":"my-app","timestamp":"2023-02-25T13:34:48.374Z"}
{"level":"info","message":"GET /products/search?page=1&categories=&countries=&companies=&brands= 304 780.449 ms - -","service":"my-app","timestamp":"2023-02-25T13:34:48.907Z"}
{"level":"info","message":"GET /products?page=1 200 243.590 ms - 8040","service":"my-app","timestamp":"2023-02-25T13:35:57.656Z"}
{"level":"info","message":"GET /products/search?page=1&categories=&countries=&companies=&brands= 200 800.470 ms - 133604","service":"my-app","timestamp":"2023-02-25T13:35:58.208Z"}
{"level":"info","message":"GET /products?page=1 304 280.481 ms - -","service":"my-app","timestamp":"2023-02-25T13:38:33.267Z"}
{"level":"info","message":"GET /products?page=1 304 236.396 ms - -","service":"my-app","timestamp":"2023-02-25T13:38:33.507Z"}
{"level":"info","message":"GET /products?page=1 304 254.451 ms - -","service":"my-app","timestamp":"2023-02-25T13:38:45.558Z"}
{"level":"info","message":"GET /products?page=1 304 254.037 ms - -","service":"my-app","timestamp":"2023-02-25T13:38:50.656Z"}
{"level":"info","message":"GET /products?page=1 304 232.782 ms - -","service":"my-app","timestamp":"2023-02-25T13:38:53.672Z"}
{"level":"info","message":"GET /products/search?page=1&categories=Solar&countries=China&companies=&brands= 304 124.679 ms - -","service":"my-app","timestamp":"2023-02-25T13:39:48.264Z"}
{"level":"info","message":"GET /products/search?page=1&categories=All&countries=All&companies=&brands= 304 779.898 ms - -","service":"my-app","timestamp":"2023-02-25T13:39:49.764Z"}
{"level":"info","message":"GET /products/search?page=1&categories=All&countries=All&companies=&brands= 304 840.420 ms - -","service":"my-app","timestamp":"2023-02-25T13:39:52.060Z"}
{"level":"info","message":"GET /products?page=1 304 246.245 ms - -","service":"my-app","timestamp":"2023-02-25T13:40:02.485Z"}
{"level":"info","message":"GET /products/search?page=1&categories=&countries=&companies=&brands= 304 797.201 ms - -","service":"my-app","timestamp":"2023-02-25T13:40:07.648Z"}
{"level":"info","message":"GET /products/search?page=1&categories=&countries=&companies=&brands= 304 787.743 ms - -","service":"my-app","timestamp":"2023-02-25T13:40:08.438Z"}
{"level":"info","message":"GET /products/search?page=1&categories=All&countries=&companies=&brands= 200 788.222 ms - 133604","service":"my-app","timestamp":"2023-02-25T13:40:14.850Z"}
{"level":"info","message":"GET /products/search?page=1&categories=All&countries=&companies=&brands= 304 795.435 ms - -","service":"my-app","timestamp":"2023-02-25T13:40:15.649Z"}
{"level":"info","message":"GET /products/search?page=1&categories=Inverter&countries=&companies=&brands= 304 252.005 ms - -","service":"my-app","timestamp":"2023-02-25T13:40:17.007Z"}
{"level":"info","message":"GET /products/search?page=1&categories=Inverter&countries=&companies=&brands= 304 267.642 ms - -","service":"my-app","timestamp":"2023-02-25T13:40:17.277Z"}
{"level":"info","message":"GET /products/search?page=1&categories=Inverter&countries=India&companies=&brands= 200 110.482 ms - 11","service":"my-app","timestamp":"2023-02-25T13:40:19.918Z"}
{"level":"info","message":"GET /products/search?page=1&categories=Inverter&countries=India&companies=&brands= 304 120.946 ms - -","service":"my-app","timestamp":"2023-02-25T13:40:20.042Z"}
{"level":"info","message":"GET /products/search?page=1&categories=Inverter&countries=India,China&companies=&brands= 200 250.771 ms - 25312","service":"my-app","timestamp":"2023-02-25T13:40:21.050Z"}
{"level":"info","message":"GET /products/search?page=1&categories=Inverter&countries=India,China&companies=&brands= 304 252.831 ms - -","service":"my-app","timestamp":"2023-02-25T13:40:21.306Z"}
{"level":"info","message":"GET /products?page=1 304 250.989 ms - -","service":"my-app","timestamp":"2023-02-25T13:40:29.195Z"}
{"level":"info","message":"GET /products/search?page=1&categories=Inverter&countries=India,China&companies=&brands= 304 228.009 ms - -","service":"my-app","timestamp":"2023-02-25T13:41:03.509Z"}
{"level":"info","message":"GET /products/search?page=1&categories=Inverter&countries=India,China&companies=&brands= 304 256.795 ms - -","service":"my-app","timestamp":"2023-02-25T13:41:03.769Z"}
{"level":"info","message":"GET /products?page=1 304 240.530 ms - -","service":"my-app","timestamp":"2023-02-25T13:41:13.705Z"}
{"level":"info","message":"GET /products?page=1 304 242.163 ms - -","service":"my-app","timestamp":"2023-02-25T13:59:12.717Z"}
{"level":"info","message":"GET /products?page=1 304 237.552 ms - -","service":"my-app","timestamp":"2023-02-25T13:59:26.269Z"}
{"level":"info","message":"GET /products?page=1 304 240.846 ms - -","service":"my-app","timestamp":"2023-02-25T13:59:40.574Z"}
{"level":"info","message":"GET /products/search?page=1&categories=Inverter&countries=&companies=&brands= 304 258.113 ms - -","service":"my-app","timestamp":"2023-02-25T13:59:46.446Z"}
{"level":"info","message":"GET /products/search?page=1&categories=Inverter&countries=&companies=&brands= 304 255.520 ms - -","service":"my-app","timestamp":"2023-02-25T13:59:46.705Z"}
{"level":"info","message":"GET /products/search?page=1&categories=Inverter&countries=India,China,South%20korea&companies=&brands= 200 236.664 ms - 25312","service":"my-app","timestamp":"2023-02-25T13:59:51.071Z"}
{"level":"info","message":"GET /products/search?page=1&categories=Inverter&countries=India,China,South%20korea&companies=&brands= 304 255.296 ms - -","service":"my-app","timestamp":"2023-02-25T13:59:51.329Z"}
{"level":"info","message":"GET /products/search?page=1&categories=Inverter&countries=India,China,South%20korea,Veitnam&companies=&brands= 200 245.726 ms - 25312","service":"my-app","timestamp":"2023-02-25T13:59:52.936Z"}
{"level":"info","message":"GET /products/search?page=1&categories=Inverter&countries=India,China,South%20korea,Veitnam&companies=&brands= 304 263.814 ms - -","service":"my-app","timestamp":"2023-02-25T13:59:53.202Z"}
{"level":"info","message":"GET /products/search?page=1&categories=Inverter,Solar&countries=India,China,South%20korea,Veitnam&companies=&brands= 200 254.453 ms - 29317","service":"my-app","timestamp":"2023-02-25T13:59:55.257Z"}
{"level":"info","message":"GET /products/search?page=1&categories=Inverter,Solar&countries=India,China,South%20korea,Veitnam&companies=&brands= 304 251.033 ms - -","service":"my-app","timestamp":"2023-02-25T13:59:55.510Z"}
{"level":"info","message":"GET /products/search?page=1&categories=Inverter,Solar&countries=India,China,South%20korea,Veitnam&companies=&brands= 304 232.867 ms - -","service":"my-app","timestamp":"2023-02-25T13:59:56.692Z"}
{"level":"info","message":"GET /products/search?page=1&categories=Inverter,Solar&countries=India,China,South%20korea,Veitnam&companies=&brands= 304 260.471 ms - -","service":"my-app","timestamp":"2023-02-25T13:59:56.955Z"}
{"level":"info","message":"GET /products/search?page=1&categories=Inverter,Solar&countries=India,China,South%20korea,Veitnam&companies=&brands= 304 252.138 ms - -","service":"my-app","timestamp":"2023-02-25T13:59:58.137Z"}
{"level":"info","message":"GET /products/search?page=1&categories=Inverter,Solar&countries=India,China,South%20korea,Veitnam&companies=&brands= 304 264.033 ms - -","service":"my-app","timestamp":"2023-02-25T13:59:58.403Z"}
{"level":"info","message":"GET /products/search?page=1&categories=Inverter,Solar&countries=India,China,South%20korea,Veitnam&companies=&brands= 304 305.741 ms - -","service":"my-app","timestamp":"2023-02-25T14:00:00.720Z"}
{"level":"info","message":"GET /products/search?page=1&categories=Inverter,Solar&countries=India,China,South%20korea,Veitnam&companies=&brands= 304 263.196 ms - -","service":"my-app","timestamp":"2023-02-25T14:00:00.986Z"}
{"level":"info","message":"GET /products/search?page=1&categories=Inverter,Solar&countries=India,China,South%20korea,Veitnam&companies=&brands= 304 231.294 ms - -","service":"my-app","timestamp":"2023-02-25T14:00:03.194Z"}
{"level":"info","message":"GET /products/search?page=1&categories=Inverter,Solar&countries=India,China,South%20korea,Veitnam&companies=&brands= 304 277.469 ms - -","service":"my-app","timestamp":"2023-02-25T14:00:03.474Z"}
{"level":"info","message":"GET /products/search?page=1&categories=Inverter,Solar&countries=India,China,South%20korea,Veitnam&companies=&brands= 304 255.220 ms - -","service":"my-app","timestamp":"2023-02-25T14:00:14.108Z"}
{"level":"info","message":"GET /products/search?page=1&categories=All&countries=All&companies=&brands= 304 811.870 ms - -","service":"my-app","timestamp":"2023-02-25T14:00:29.276Z"}
{"level":"info","message":"GET /products?page=1 304 252.745 ms - -","service":"my-app","timestamp":"2023-02-25T14:00:34.718Z"}
{"level":"info","message":"GET /products/search?page=1&categories=&countries=&companies=&brands= 304 834.769 ms - -","service":"my-app","timestamp":"2023-02-25T14:00:39.175Z"}
{"level":"info","message":"GET /products/search?page=1&categories=&countries=&companies=&brands= 304 788.715 ms - -","service":"my-app","timestamp":"2023-02-25T14:00:39.967Z"}
{"level":"info","message":"GET /products/search?page=1&categories=All&countries=All&companies=&brands= 304 832.734 ms - -","service":"my-app","timestamp":"2023-02-25T14:00:48.963Z"}
{"level":"info","message":"GET /products/search?page=1&categories=Inverter&countries=&companies=&brands= 304 290.352 ms - -","service":"my-app","timestamp":"2023-02-25T14:01:02.925Z"}
{"level":"info","message":"GET /products/search?page=1&categories=Inverter&countries=&companies=&brands= 304 315.488 ms - -","service":"my-app","timestamp":"2023-02-25T14:01:03.245Z"}
{"level":"info","message":"GET /products/search?page=1&categories=Inverter&countries=&companies=&brands= 304 256.750 ms - -","service":"my-app","timestamp":"2023-02-25T14:01:37.837Z"}
{"level":"info","message":"GET /products/search?page=1&categories=Inverter&countries=&companies=&brands= 304 273.548 ms - -","service":"my-app","timestamp":"2023-02-25T14:01:38.113Z"}
{"level":"info","message":"GET /products/search?page=1&categories=Inverter&countries=&companies=&brands= - - ms - -","service":"my-app","timestamp":"2023-02-25T14:01:59.947Z"}
{"level":"info","message":"GET /products/search?page=1&categories=All&countries=All&companies=&brands= 404 10037.940 ms - 75","service":"my-app","timestamp":"2023-02-25T14:02:35.965Z"}
{"level":"info","message":"GET /products/search?page=1&categories=All&countries=All&companies=&brands= 200 708.806 ms - 133604","service":"my-app","timestamp":"2023-02-25T14:02:58.319Z"}
{"level":"info","message":"GET /products/search?page=1&categories=All&countries=All&companies=&brands= 304 625.397 ms - -","service":"my-app","timestamp":"2023-02-25T14:03:08.462Z"}
{"level":"info","message":"GET /products/search?page=1&categories=All&countries=All&companies=&brands= 304 355.108 ms - -","service":"my-app","timestamp":"2023-02-25T14:03:08.820Z"}
{"level":"info","message":"GET /products/search?page=1&categories=All&countries=All&companies=&brands= 304 598.464 ms - -","service":"my-app","timestamp":"2023-02-25T14:03:40.814Z"}
{"level":"info","message":"GET /products/search?page=1&categories=All&countries=All&companies=&brands= 304 345.707 ms - -","service":"my-app","timestamp":"2023-02-25T14:03:41.163Z"}
{"level":"info","message":"GET /products?page=1 304 251.003 ms - -","service":"my-app","timestamp":"2023-02-25T14:03:45.624Z"}
{"level":"info","message":"GET /products/search?page=1&categories=All&countries=All&companies=&brands= 304 611.643 ms - -","service":"my-app","timestamp":"2023-02-25T14:04:10.797Z"}
{"level":"info","message":"GET /products/search?page=1&categories=All&countries=All&companies=&brands= 304 365.830 ms - -","service":"my-app","timestamp":"2023-02-25T14:04:11.167Z"}
{"level":"info","message":"GET /products/search?page=1&categories=&countries=&companies=&brands= 304 591.461 ms - -","service":"my-app","timestamp":"2023-02-25T14:04:19.532Z"}
{"level":"info","message":"GET /products/search?page=1&categories=&countries=&companies=&brands= 304 364.489 ms - -","service":"my-app","timestamp":"2023-02-25T14:04:19.901Z"}
{"level":"info","message":"GET /products?page=1 304 266.231 ms - -","service":"my-app","timestamp":"2023-02-25T14:04:23.023Z"}
{"level":"info","message":"GET /products/search?page=1&categories=&countries=&companies=&brands= 304 560.483 ms - -","service":"my-app","timestamp":"2023-02-25T14:04:30.747Z"}
{"level":"info","message":"GET /products/search?page=1&categories=&countries=&companies=&brands= 304 336.035 ms - -","service":"my-app","timestamp":"2023-02-25T14:04:31.086Z"}
{"level":"info","message":"GET /products?page=1 304 247.013 ms - -","service":"my-app","timestamp":"2023-02-25T14:04:37.487Z"}
{"level":"info","message":"GET /products/search?page=1&categories=All&countries=All&companies=&brands= 304 830.598 ms - -","service":"my-app","timestamp":"2023-02-25T14:08:49.839Z"}
{"level":"info","message":"GET /products?page=1 304 727.350 ms - -","service":"my-app","timestamp":"2023-02-25T14:08:49.920Z"}
{"level":"info","message":"GET /products/search?page=1&categories=All&countries=All&companies=&brands= 304 796.293 ms - -","service":"my-app","timestamp":"2023-02-25T14:08:58.601Z"}
{"level":"info","message":"GET /products/search?page=1&categories=All,function%20()%20{%20[native%20code]%20},Solar&countries=&companies=&brands= 200 778.763 ms - 133604","service":"my-app","timestamp":"2023-02-25T14:09:03.909Z"}
{"level":"info","message":"GET /products/search?page=1&categories=All,function%20()%20{%20[native%20code]%20},Solar&countries=&companies=&brands= 304 821.195 ms - -","service":"my-app","timestamp":"2023-02-25T14:09:04.735Z"}
{"level":"info","message":"GET /products/search?page=1&categories=All,function%20()%20{%20[native%20code]%20},Inverter&countries=&companies=&brands= 200 765.990 ms - 133604","service":"my-app","timestamp":"2023-02-25T14:09:07.509Z"}
{"level":"info","message":"GET /products/search?page=1&categories=All,function%20()%20{%20[native%20code]%20},Inverter&countries=&companies=&brands= 304 764.747 ms - -","service":"my-app","timestamp":"2023-02-25T14:09:08.276Z"}
{"level":"info","message":"GET /products/search?page=1&categories=All,function%20()%20{%20[native%20code]%20},Inverter&countries=All,function%20()%20{%20[native%20code]%20},South%20korea&companies=&brands= 200 775.499 ms - 133604","service":"my-app","timestamp":"2023-02-25T14:09:09.289Z"}
{"level":"info","message":"GET /products/search?page=1&categories=All,function%20()%20{%20[native%20code]%20},Inverter&countries=All,function%20()%20{%20[native%20code]%20},South%20korea&companies=&brands= 304 760.845 ms - -","service":"my-app","timestamp":"2023-02-25T14:09:10.053Z"}
{"level":"info","message":"GET /products/search?page=1&categories=All,function%20()%20{%20[native%20code]%20},Inverter&countries=All,function%20()%20{%20[native%20code]%20},Veitnam&companies=&brands= 200 785.917 ms - 133604","service":"my-app","timestamp":"2023-02-25T14:09:31.787Z"}
{"level":"info","message":"GET /products/search?page=1&categories=All,function%20()%20{%20[native%20code]%20},Inverter&countries=All,function%20()%20{%20[native%20code]%20},Veitnam&companies=&brands= 304 672.713 ms - -","service":"my-app","timestamp":"2023-02-25T14:09:32.463Z"}
{"level":"info","message":"GET /products/search?page=1&categories=All,function%20()%20{%20[native%20code]%20},Inverter&countries=All,function%20()%20{%20[native%20code]%20},Oman&companies=&brands= 200 854.360 ms - 133604","service":"my-app","timestamp":"2023-02-25T14:09:32.531Z"}
{"level":"info","message":"GET /products/search?page=1&categories=All,function%20()%20{%20[native%20code]%20},Inverter&countries=All,function%20()%20{%20[native%20code]%20},Oman&companies=&brands= 304 554.446 ms - -","service":"my-app","timestamp":"2023-02-25T14:09:33.088Z"}
{"level":"info","message":"GET /products/search?page=1&categories=All,function%20()%20{%20[native%20code]%20},Inverter&countries=All,function%20()%20{%20[native%20code]%20},Thailand&companies=&brands= 200 561.731 ms - 133604","service":"my-app","timestamp":"2023-02-25T14:09:33.221Z"}
{"level":"info","message":"GET /products/search?page=1&categories=All,function%20()%20{%20[native%20code]%20},Inverter&countries=All,function%20()%20{%20[native%20code]%20},Thailand&companies=&brands= 304 550.044 ms - -","service":"my-app","timestamp":"2023-02-25T14:09:33.774Z"}
{"level":"info","message":"GET /products?page=1 304 250.290 ms - -","service":"my-app","timestamp":"2023-02-25T14:09:59.819Z"}
{"level":"info","message":"GET /products?page=1 304 278.798 ms - -","service":"my-app","timestamp":"2023-02-25T14:22:37.053Z"}
{"level":"info","message":"GET /products?page=1 304 247.515 ms - -","service":"my-app","timestamp":"2023-02-25T14:22:44.682Z"}
{"level":"info","message":"GET /products?page=1 304 256.346 ms - -","service":"my-app","timestamp":"2023-02-25T14:22:46.040Z"}
{"level":"info","message":"GET /products?page=1 304 252.062 ms - -","service":"my-app","timestamp":"2023-02-25T14:22:47.425Z"}
{"level":"info","message":"GET /products/search?page=1&categories=All,function%20()%20{%20[native%20code]%20},Battery&countries=All,function%20()%20{%20[native%20code]%20},Other&companies=&brands= 200 621.420 ms - 133604","service":"my-app","timestamp":"2023-02-25T14:22:51.225Z"}
{"level":"info","message":"GET /products/search?page=1&categories=All,function%20()%20{%20[native%20code]%20},Battery&countries=All,function%20()%20{%20[native%20code]%20},Other&companies=&brands= 304 350.885 ms - -","service":"my-app","timestamp":"2023-02-25T14:22:51.580Z"}
{"level":"info","message":"GET /products/search?page=1&categories=All,function%20()%20{%20[native%20code]%20},Inverter&countries=All,function%20()%20{%20[native%20code]%20},Other&companies=&brands= 200 642.761 ms - 133604","service":"my-app","timestamp":"2023-02-25T14:22:55.548Z"}
{"level":"info","message":"GET /products/search?page=1&categories=All,function%20()%20{%20[native%20code]%20},Inverter&countries=All,function%20()%20{%20[native%20code]%20},Other&companies=&brands= 304 348.727 ms - -","service":"my-app","timestamp":"2023-02-25T14:22:55.900Z"}
{"level":"info","message":"GET /products/search?page=1&categories=All,function%20()%20{%20[native%20code]%20},Inverter&countries=All,function%20()%20{%20[native%20code]%20},Other&companies=&brands= 304 715.432 ms - -","service":"my-app","timestamp":"2023-02-25T14:24:29.610Z"}
{"level":"info","message":"GET /products/search?page=1&categories=All&countries=All&companies=&brands= 304 775.344 ms - -","service":"my-app","timestamp":"2023-02-25T14:24:29.824Z"}
{"level":"info","message":"GET /products/search?page=1&categories=All&countries=All&companies=&brands= 304 802.760 ms - -","service":"my-app","timestamp":"2023-02-25T14:24:34.889Z"}
{"level":"info","message":"GET /products/search?page=1&categories=Inverter&countries=&companies=&brands= 200 260.933 ms - 25312","service":"my-app","timestamp":"2023-02-25T14:24:37.386Z"}
{"level":"info","message":"GET /products/search?page=1&categories=Inverter&countries=&companies=&brands= 304 265.172 ms - -","service":"my-app","timestamp":"2023-02-25T14:24:37.654Z"}
{"level":"info","message":"GET /products/search?page=1&categories=Inverter&countries=South%20korea&companies=&brands= 200 119.666 ms - 11","service":"my-app","timestamp":"2023-02-25T14:24:38.745Z"}
{"level":"info","message":"GET /products/search?page=1&categories=Inverter&countries=South%20korea&companies=&brands= 304 123.511 ms - -","service":"my-app","timestamp":"2023-02-25T14:24:38.871Z"}
{"level":"info","message":"GET /products/search?page=1&categories=Inverter&countries=South%20korea,India&companies=&brands= 200 139.907 ms - 11","service":"my-app","timestamp":"2023-02-25T14:24:39.559Z"}
{"level":"info","message":"GET /products/search?page=1&categories=Inverter&countries=South%20korea,India&companies=&brands= 304 129.178 ms - -","service":"my-app","timestamp":"2023-02-25T14:24:39.690Z"}
{"level":"info","message":"GET /products/search?page=1&categories=Inverter&countries=South%20korea,India,China&companies=&brands= 200 252.124 ms - 25312","service":"my-app","timestamp":"2023-02-25T14:24:40.320Z"}
{"level":"info","message":"GET /products/search?page=1&categories=Inverter&countries=South%20korea,India,China&companies=&brands= 304 250.220 ms - -","service":"my-app","timestamp":"2023-02-25T14:24:40.573Z"}
{"level":"info","message":"GET /products/search?page=1&categories=All&countries=All&companies=&brands= 304 1710.591 ms - -","service":"my-app","timestamp":"2023-02-27T05:59:05.602Z"}
{"level":"info","message":"GET /products?page=1 304 249.512 ms - -","service":"my-app","timestamp":"2023-02-27T05:59:06.802Z"}
{"level":"info","message":"GET /products?page=1 304 241.556 ms - -","service":"my-app","timestamp":"2023-02-27T06:04:15.475Z"}
{"level":"info","message":"GET /products?page=1 304 243.999 ms - -","service":"my-app","timestamp":"2023-02-27T06:05:37.664Z"}
{"level":"info","message":"GET /products/search?page=1&categories=All&countries=All&companies=&brands= 304 806.808 ms - -","service":"my-app","timestamp":"2023-02-27T06:07:21.014Z"}
{"level":"info","message":"GET /products?page=1 304 245.525 ms - -","service":"my-app","timestamp":"2023-02-27T06:08:28.896Z"}
{"level":"info","message":"GET /products/search?page=1&categories=All&countries=All&companies=&brands= 304 579.429 ms - -","service":"my-app","timestamp":"2023-02-27T06:08:36.683Z"}
{"level":"info","message":"GET /products?page=1 304 243.262 ms - -","service":"my-app","timestamp":"2023-02-27T06:08:42.733Z"}
{"level":"info","message":"GET /products?page=2 200 246.544 ms - 4490","service":"my-app","timestamp":"2023-02-27T06:08:50.819Z"}
{"level":"info","message":"GET /products?page=3 304 244.871 ms - -","service":"my-app","timestamp":"2023-02-27T06:08:52.727Z"}
{"level":"info","message":"GET /products/search?page=1&categories=All&countries=All&companies=&brands= 304 1299.269 ms - -","service":"my-app","timestamp":"2023-02-27T07:05:37.941Z"}
{"level":"info","message":"GET / 200 7.162 ms - 14","service":"my-app","timestamp":"2023-02-27T07:41:19.568Z"}
{"level":"info","message":"GET /products 304 282.637 ms - -","service":"my-app","timestamp":"2023-02-27T07:41:25.755Z"}
{"level":"info","message":"GET /images/icons/gear.png 404 4.117 ms - 160","service":"my-app","timestamp":"2023-02-27T07:41:25.972Z"}
{"level":"info","message":"GET /favicon.ico 404 1.285 ms - 150","service":"my-app","timestamp":"2023-02-27T07:41:26.133Z"}
{"level":"info","message":"GET /products 304 254.782 ms - -","service":"my-app","timestamp":"2023-02-27T07:41:49.469Z"}
{"level":"info","message":"GET /products 304 275.537 ms - -","service":"my-app","timestamp":"2023-02-27T07:41:53.780Z"}
{"level":"info","message":"GET /products 304 293.842 ms - -","service":"my-app","timestamp":"2023-02-27T07:42:29.668Z"}
