20230316	14:20:23	728ec3b3-6ba4-4870-be7f-5194a5357e3f	CastError: Cast to ObjectId failed for value "6412ec327ead573850327cr6" (type string) at path "_id" for model "User"	PATCH	/users	undefined
20230316	14:20:39	d40f6c8e-6683-41c9-bb57-01213fc10ece	SyntaxError: Unexpected token } in JSON at position 98	PATCH	/users	undefined
20230317	14:12:17	0a805ef3-532e-4e92-8237-3f809f33383b	Too Many Requests: Too many login attempts from this IP, please try again after a 60 second pause	POST	/	undefined
20230317	14:12:24	a535ee0f-f3f6-4df7-a6ac-bed33a8fe54f	Too Many Requests: Too many login attempts from this IP, please try again after a 60 second pause	POST	/	undefined
20230317	14:12:34	2f36df34-7b1b-4e46-8af6-143a5ad6f0d5	Too Many Requests: Too many login attempts from this IP, please try again after a 60 second pause	POST	/	undefined
20230317	14:12:36	5648784b-7a09-41e3-8c99-d3314f71250e	Too Many Requests: Too many login attempts from this IP, please try again after a 60 second pause	POST	/	undefined
20230317	14:12:37	421b3a31-e6bd-4385-9ed4-62aeb5924ee3	Too Many Requests: Too many login attempts from this IP, please try again after a 60 second pause	POST	/	undefined
20230317	14:12:37	27055c7d-5c41-4311-ac84-92ac2dc4d623	Too Many Requests: Too many login attempts from this IP, please try again after a 60 second pause	POST	/	undefined
20230317	14:12:38	4a5c16ed-1ae1-4b11-88bc-0f704b8cc485	Too Many Requests: Too many login attempts from this IP, please try again after a 60 second pause	POST	/	undefined
20230317	14:12:38	db4b97db-91fc-41ec-a13c-393b928ae91c	Too Many Requests: Too many login attempts from this IP, please try again after a 60 second pause	POST	/	undefined
20230317	14:12:39	96bbc44d-f3fb-45dc-a6a4-47d9462b89ac	Too Many Requests: Too many login attempts from this IP, please try again after a 60 second pause	POST	/	undefined
20230317	14:12:39	c0434fe2-cbdd-49ca-b4ce-07a7f460edcf	Too Many Requests: Too many login attempts from this IP, please try again after a 60 second pause	POST	/	undefined
20230317	14:12:39	f705d19f-3cad-468c-86f3-32f1813bd1dc	Too Many Requests: Too many login attempts from this IP, please try again after a 60 second pause	POST	/	undefined
20230317	14:12:40	ce703ceb-2456-459d-a9db-5bd039542c42	Too Many Requests: Too many login attempts from this IP, please try again after a 60 second pause	POST	/	undefined
20230317	14:12:40	e00bcd50-79af-4d6d-b033-e5704e727623	Too Many Requests: Too many login attempts from this IP, please try again after a 60 second pause	POST	/	undefined
20230317	14:12:40	510e21ab-d168-4cc2-9fb5-a5903fbd2b75	Too Many Requests: Too many login attempts from this IP, please try again after a 60 second pause	POST	/	undefined
20230317	14:12:41	82309b78-2120-4253-ac37-76ea7e4001a0	Too Many Requests: Too many login attempts from this IP, please try again after a 60 second pause	POST	/	undefined
20230317	14:13:02	bfdce7ad-a114-44f2-bfcc-83238770564d	Too Many Requests: Too many login attempts from this IP, please try again after a 60 second pause	POST	/	undefined
20230317	15:58:51	eb7f1231-8766-4ed0-9208-68a9cca1dd33	Too Many Requests: Too many login attempts from this IP, please try again after a 60 second pause	POST	/	http://localhost:3000
20230317	15:58:51	90258ae8-d392-40d4-9489-4c23b1d20ec8	Too Many Requests: Too many login attempts from this IP, please try again after a 60 second pause	POST	/	http://localhost:3000
20230317	15:58:51	5ea6db23-0eaf-4365-a2b6-66f7f3b04896	Too Many Requests: Too many login attempts from this IP, please try again after a 60 second pause	POST	/	http://localhost:3000
20230317	15:58:51	2e504ae5-6cc5-42c2-992a-3441af46d2c8	Too Many Requests: Too many login attempts from this IP, please try again after a 60 second pause	POST	/	http://localhost:3000
20230317	15:58:51	f1f97bc6-4fa5-459b-bf3a-6c3153371355	Too Many Requests: Too many login attempts from this IP, please try again after a 60 second pause	POST	/	http://localhost:3000
20230317	15:58:52	91b33a0b-8eea-49de-b73f-0cd3a9a2d9a8	Too Many Requests: Too many login attempts from this IP, please try again after a 60 second pause	POST	/	http://localhost:3000
20230317	15:58:52	02349fdc-f415-41f9-ab3f-f9cdd25204d4	Too Many Requests: Too many login attempts from this IP, please try again after a 60 second pause	POST	/	http://localhost:3000
20230317	15:58:52	b5a7b45d-e450-4fa2-b5da-9a3fc12e6641	Too Many Requests: Too many login attempts from this IP, please try again after a 60 second pause	POST	/	http://localhost:3000
20230317	15:58:52	abe57234-2965-425b-9ed1-3a2a1f5e201b	Too Many Requests: Too many login attempts from this IP, please try again after a 60 second pause	POST	/	http://localhost:3000
20230317	15:58:52	a7f9cef9-638c-4c7e-9478-fef2bf02adf5	Too Many Requests: Too many login attempts from this IP, please try again after a 60 second pause	POST	/	http://localhost:3000
20230317	15:58:52	b16d2c55-32ab-4a16-9582-fbcbaf88cbc4	Too Many Requests: Too many login attempts from this IP, please try again after a 60 second pause	POST	/	http://localhost:3000
20230317	15:58:53	dae1df37-d70e-4dae-8827-fc7e34c475db	Too Many Requests: Too many login attempts from this IP, please try again after a 60 second pause	POST	/	http://localhost:3000
20230317	15:58:53	0701248f-f461-491a-b8d5-c3204d364de5	Too Many Requests: Too many login attempts from this IP, please try again after a 60 second pause	POST	/	http://localhost:3000
20230317	15:58:53	e9844f0e-d430-4565-bce3-2f5dd7d12516	Too Many Requests: Too many login attempts from this IP, please try again after a 60 second pause	POST	/	http://localhost:3000
20230317	16:57:50	f36e112f-a2fc-43df-bc51-57ea2b6e8a24	Too Many Requests: Too many login attempts from this IP, please try again after a 60 second pause	POST	/	http://localhost:3000
20230317	16:57:50	de9a1ddb-496d-4dc8-a076-002dbab7137b	Too Many Requests: Too many login attempts from this IP, please try again after a 60 second pause	POST	/	http://localhost:3000
20230317	16:57:50	f1e6134e-7f8a-4a5e-912f-ea52bab4929d	Too Many Requests: Too many login attempts from this IP, please try again after a 60 second pause	POST	/	http://localhost:3000
20230318	10:18:32	cce5c088-7ef0-495b-ba90-b43c76340fa2	Too Many Requests: Too many login attempts from this IP, please try again after a 60 second pause	POST	/	http://localhost:3000
20230318	10:18:32	87cab82c-5d71-4bcb-9317-6201cfd3fd0f	Too Many Requests: Too many login attempts from this IP, please try again after a 60 second pause	POST	/	http://localhost:3000
20230318	10:18:32	f6f6e451-732f-4a28-a109-42bde7b4e76c	Too Many Requests: Too many login attempts from this IP, please try again after a 60 second pause	POST	/	http://localhost:3000
20230318	10:18:32	36a6ef2f-6d03-43dd-b3f7-1bc4d3cda14e	Too Many Requests: Too many login attempts from this IP, please try again after a 60 second pause	POST	/	http://localhost:3000
20230318	10:18:33	926b2562-d950-4a07-978c-912c7de448da	Too Many Requests: Too many login attempts from this IP, please try again after a 60 second pause	POST	/	http://localhost:3000
20230320	13:13:01	a3e54b30-f54d-4373-a1ab-238592648989	ReferenceError: __dirname is not defined	GET	/download/6408790e0633afb54fd7a0fc	undefined
20230320	13:14:18	23b3d757-e61b-4797-92a4-c3aa4be42464	ReferenceError: filename is not defined	GET	/download/6408790e0633afb54fd7a0fc	undefined
20230321	15:51:34	e847f352-2bc5-43ca-afce-e857756f558c	ReferenceError: _id is not defined	PATCH	/users/6412ebe57ead573850327cf2	http://localhost:3000
20230321	15:51:53	71cdf913-435f-481c-942d-c79491a43e69	ReferenceError: id is not defined	PATCH	/users/6412ebe57ead573850327cf2	http://localhost:3000
20230321	15:59:37	0eb78858-ae5d-47ef-993d-cd334299ebdc	Too Many Requests: Too many login attempts from this IP, please try again after a 60 second pause	POST	/	http://localhost:3000
20230321	15:59:37	f0ec648e-02ca-4aad-bb12-dce11388f298	Too Many Requests: Too many login attempts from this IP, please try again after a 60 second pause	POST	/	http://localhost:3000
20230321	15:59:44	a0a592fa-a873-4900-b919-9a9c1d69199f	Too Many Requests: Too many login attempts from this IP, please try again after a 60 second pause	POST	/	http://localhost:3000
20230324	12:42:44	7546ab7a-2cd2-4fe8-9129-0d339157526e	MongooseError: Operation `users.findOne()` buffering timed out after 10000ms	POST	/auth	http://localhost:3000
20230324	12:42:46	1d9af6f1-d60c-40be-90bc-ef56e5066b4d	MongooseError: Operation `users.findOne()` buffering timed out after 10000ms	POST	/auth	http://localhost:3000
20230324	12:42:52	42246d9e-a38b-48bd-9c1c-93f4daa3e6ac	MongooseError: Operation `users.findOne()` buffering timed out after 10000ms	POST	/auth	http://localhost:3000
