20230316	11:23:18	d4738302-0d0e-4d91-bce2-a2d4c9c42ca1	GET	/pi/last	undefined
20230316	11:23:38	48ba4b20-8a52-4cca-aeeb-cd0cc5b53fbc	GET	/products	undefined
20230316	11:24:15	cad68ea1-2989-4431-9237-7142ea6a3151	GET	/products	undefined
20230316	11:41:55	a7b2a550-105a-4d72-9a43-07c1cf971669	GET	/pi/last	undefined
20230316	11:42:06	80093973-0fad-4ee7-846a-dffc010754a3	GET	/products	undefined
20230316	14:12:29	f0a9659b-09ae-48f9-a3f3-e901326250ee	POST	/users	undefined
20230316	14:12:36	ce85b235-65a3-463c-802f-6a4a796779d1	GET	/users	undefined
20230316	14:13:57	6e8ceb84-9280-4a80-ad5b-0bb1242e04c8	POST	/users	undefined
20230316	14:14:04	a9ca511c-b059-4004-9eef-6de656f3086f	GET	/users	undefined
20230316	14:15:14	b963c271-0e2e-452e-8189-6f24392de45e	POST	/users	undefined
20230316	14:16:06	48d0d122-9fde-4c19-9bea-7bc88bd20e02	GET	/users	undefined
20230316	14:19:05	ad98a2ad-9b03-4b04-9487-873d7b1634b6	PATCH	/users	undefined
20230316	14:19:10	97e2ccb8-0295-414f-85ac-9a1651424cba	GET	/users	undefined
20230316	14:19:20	667a351e-7dd5-4045-ae59-046beac4aa02	PATCH	/users	undefined
20230316	14:19:31	e01a0bc8-4fdf-44a4-aa28-775da6d29ef4	PATCH	/users	undefined
20230316	14:19:43	d3d36f1b-88db-4e46-a953-0b2adee341b8	PATCH	/users	undefined
20230316	14:19:56	17636743-2aea-4440-937b-049c92a26770	GET	/users	undefined
20230316	14:20:10	ca15755a-0ddb-40cb-8129-f05765ac8c98	PATCH	/users	undefined
20230316	14:20:23	6a66288a-bf10-4d26-b614-89fa619c7c73	PATCH	/users	undefined
20230316	14:20:30	49c77648-00d1-4b6d-9232-908e8b23f392	PATCH	/users	undefined
20230316	14:20:39	f5b12d8c-2692-494e-bc7e-be4e5a7bae8e	PATCH	/users	undefined
20230316	14:20:44	8a81e274-03c2-4726-96db-f700a93b0129	PATCH	/users	undefined
20230316	14:21:03	cab3c1d2-2955-4794-80cc-e9073dca657b	PATCH	/users	undefined
20230316	14:21:07	ddb90c34-2788-4825-8f5a-9d5e0b06ff95	GET	/users	undefined
20230316	14:22:07	451289ca-312c-4f6c-9ee6-bb4be8f068c3	DELETE	/users	undefined
20230316	14:22:13	0e783f12-cd2c-49a1-9ea6-231beff7b33f	GET	/users	undefined
20230316	14:22:21	a92747b9-d398-41d8-bb26-28245e43bfa6	PATCH	/users	undefined
20230316	14:22:27	97455c16-3fd0-4f88-8a76-fb0047e021b5	POST	/users	undefined
20230316	14:22:39	52aef11d-12ad-4d4b-a203-b360566c3d7b	POST	/users	undefined
20230316	14:22:44	920ba550-f50c-4c5e-9295-be1526b197b4	GET	/users	undefined
20230316	14:23:10	9e34bf4c-27de-4686-8cdf-2b57d4886e48	POST	/users	undefined
20230316	14:23:18	efad2014-f14c-4729-8c58-b1fce296a26f	PATCH	/users	undefined
20230316	14:23:30	77a34cf6-9a9c-491d-9778-8638a5f95472	GET	/users	undefined
20230316	14:23:43	249e20a6-664f-4cc4-ab24-3694dff401a3	GET	/users	undefined
20230316	14:23:47	25fcc84f-bd14-401b-bbde-249e7fbb7c77	PATCH	/users	undefined
20230316	14:23:52	5d86ed6a-867e-4e9b-95c6-95ca89480c46	GET	/users	undefined
20230317	14:08:50	3adb5f35-b797-4fc6-a77f-9f951e9a64f4	GET	/users	undefined
20230317	14:08:57	ff0f01b0-ea0c-428f-9def-a00456826e97	GET	/	undefined
20230317	14:09:07	28b2965f-14b3-4b74-b984-9d8c983a1379	GET	/pi/last	undefined
20230317	14:10:02	b1075388-0f26-458c-b6a0-9f9533fc8668	POST	/auth	undefined
20230317	14:10:41	4627f438-1c6f-4273-9dda-5bc745680e86	POST	/auth	undefined
20230317	14:11:02	42cf67d2-adab-4937-ab2c-5cb5653102e5	POST	/auth	undefined
20230317	14:11:28	0599e7e2-fba4-4ac2-9d68-8b3da7964e06	GET	/users	undefined
20230317	14:11:49	47694726-ddfb-4ea6-ac9a-7a941fb09b91	POST	/auth	undefined
20230317	14:12:05	91271c32-f9fc-4f43-bc25-ccfc545cd9de	POST	/auth	undefined
20230317	14:12:14	375ed9ab-96d2-43d5-9fbe-caa92e889a1f	POST	/auth	undefined
20230317	14:12:15	ef46e254-ae97-4e34-8d6c-daf455d57bf6	POST	/auth	undefined
20230317	14:12:16	88821c01-b94d-4f8d-99a1-d6d80ebb7d38	POST	/auth	undefined
20230317	14:12:17	b43159ad-2070-4711-a9c4-80d785bd3024	POST	/auth	undefined
20230317	14:12:20	c4c54a46-3340-4b30-8d0b-f7401c377073	POST	/auth	undefined
20230317	14:12:21	ebf05e99-1f43-4f82-94aa-1b049fe9de97	POST	/auth	undefined
20230317	14:12:22	d6c8274a-b53c-4078-a84a-2f9e0b39c922	POST	/auth	undefined
20230317	14:12:23	a174c28f-abbd-4381-90f0-2f18f53d11fa	POST	/auth	undefined
20230317	14:12:23	41535211-aafe-45fd-a42b-a507d168e37d	POST	/auth	undefined
20230317	14:12:24	4c4c9ea8-0658-4018-a89f-8a1e629bbaf8	POST	/auth	undefined
20230317	14:12:34	81e262db-5432-4176-96ef-4ab9c394ec7a	POST	/auth	undefined
20230317	14:12:36	7de2cfc8-6d58-4d16-93f4-8000a3a09771	POST	/auth	undefined
20230317	14:12:37	52837d33-b85b-4dd5-a671-7a29300d042b	POST	/auth	undefined
20230317	14:12:37	016176ce-9268-4693-a133-798d51fa5b5a	POST	/auth	undefined
20230317	14:12:38	4482d798-cc77-4af3-a86e-b25e1bb3e9e3	POST	/auth	undefined
20230317	14:12:38	7d5f5156-4dee-4fc9-acd2-99b66d19f3eb	POST	/auth	undefined
20230317	14:12:39	749f1afd-565f-49a6-841d-dcd8a3e07d7c	POST	/auth	undefined
20230317	14:12:39	633d4e5d-d5e8-4cdd-9a16-b5e4ea065249	POST	/auth	undefined
20230317	14:12:39	2b9dbf27-3d25-44b3-81e9-e2ea0f55d97d	POST	/auth	undefined
20230317	14:12:40	d3908fdf-30c6-4868-b4ac-59dac5e35e0a	POST	/auth	undefined
20230317	14:12:40	fedda9f5-9e35-4c6e-aa1e-451930670734	POST	/auth	undefined
20230317	14:12:40	3479963b-552b-4a2b-8141-db256d3c1a27	POST	/auth	undefined
20230317	14:12:41	c94634b3-964c-4818-b7a8-d91c0b7a8225	POST	/auth	undefined
20230317	14:13:02	50f8917e-3273-4c58-a5cb-80a3ec43c7f1	POST	/auth	undefined
20230317	14:13:26	546e3809-ac25-4eb2-8b39-bbfc09c8b145	POST	/auth	undefined
20230317	14:15:20	4aa5cae2-c4b1-4861-8724-9faa27d2d958	GET	/pi/last	undefined
20230317	14:15:34	1d602910-eaab-4eb2-9527-5eb155a18140	GET	/pi/last	undefined
20230317	14:15:44	9bd3afad-8ecc-4754-8a20-fa720ffea085	GET	/pi/last	undefined
20230317	14:15:51	b8287585-19d7-4b7c-9e8a-431c15701f24	GET	/pi/last	undefined
20230317	14:15:56	b767e29c-976a-43f4-81f3-40536cfa9158	GET	/pi/last	undefined
20230317	14:16:04	237e30ee-255c-44a3-be04-ce24efa7457f	GET	/pi/last	undefined
20230317	14:16:10	fa90f329-3fc6-424b-8c1c-354167aca96f	GET	/pi/last	undefined
20230317	14:16:16	a2ba261d-0380-46c4-b233-c21c605de627	GET	/pi/last	undefined
20230317	14:18:25	96cb4f30-afc3-48b1-b620-37923b33bf2e	POST	/auth/refresh	undefined
20230317	14:18:30	11508e89-0566-4b2f-875e-164ef417033b	GET	/auth/refresh	undefined
20230317	14:18:48	803bcbd8-a7d3-4d06-becc-12453cbc21bd	GET	/auth/refresh	undefined
20230317	14:19:21	53d3b483-efe7-4951-8b6b-2d072e500003	GET	/pi/last	undefined
20230317	14:19:22	359f73f5-b138-4b0d-b3d1-5dbc55500c29	GET	/pi/last	undefined
20230317	14:19:23	f967cd52-f6c7-435f-86d3-a1d1ec9eeb76	GET	/pi/last	undefined
20230317	14:21:35	2a3fccdb-e856-4288-ac3f-b4e90111aa16	GET	/auth	undefined
20230317	14:21:57	c6d1f509-6254-44c2-944b-871726e8364d	POST	/auth	undefined
20230317	14:23:47	35d933ba-67a3-4d0d-b6bd-cff457cb9bec	GET	/pi/last	undefined
20230317	14:24:00	afcc5282-fdba-47e7-aa10-3b6cb36f7b07	GET	/users	undefined
20230317	14:24:18	985f10a8-f5c2-45f2-8777-4c1607e0d312	GET	/auth/refresh	undefined
20230317	14:27:29	81218a05-135b-4dc6-aefc-a5d9241b5814	GET	/auth/refresh	undefined
20230317	14:27:32	a04520c6-8188-4868-b97b-54b070e3ad6b	GET	/auth/refresh	undefined
20230317	14:27:33	826b936c-27c8-4599-ab16-d4685d730774	GET	/auth/refresh	undefined
20230317	14:27:34	d6d0699e-2b21-4216-9d6c-a633490b8d57	GET	/auth/refresh	undefined
20230317	14:27:35	81cd266e-06ee-4832-b12b-8a1e5e18ebc8	GET	/auth/refresh	undefined
20230317	14:28:49	65f113d2-d744-412c-87eb-45ee844a4664	POST	/auth/logout	undefined
20230317	14:28:59	a52c6916-4fbe-433c-beab-1cf14ad7c169	GET	/pi/last	undefined
20230317	14:29:04	62a9e866-bab1-44a5-8c10-ab0246ef32c8	GET	/pi/last	undefined
20230317	14:29:09	7c9ba7e0-57a7-4734-8a76-312d089ed3be	GET	/auth/refresh	undefined
20230317	14:29:41	94fc0f9e-afdc-4c21-8bc6-e1ecbc05a5a9	GET	/auth/refresh	undefined
20230317	14:29:54	720a1082-1467-4ea7-8170-82f6e060e791	GET	/auth	undefined
20230317	14:30:03	48142376-e282-4c52-976b-97a70beb369a	POST	/auth	undefined
20230317	14:30:07	2f3a8cf4-07f1-451a-88f2-0fe139da1076	GET	/auth/refresh	undefined
20230317	14:30:08	5b9b479e-9379-4220-b353-7a4983794c21	GET	/auth/refresh	undefined
20230317	14:30:30	297699bf-30ed-4b62-9542-4c82ea184e0e	GET	/auth/refresh	undefined
20230317	15:57:10	d0527641-2740-4054-8d00-c1cd7e10bb79	POST	/auth	http://localhost:3000
20230317	15:57:10	91ced0cd-13e2-4ecc-82eb-cbfc78e84032	OPTIONS	/auth	http://localhost:3000
20230317	15:57:26	9911b583-f768-495f-b4f9-7b01212d897a	OPTIONS	/auth	http://localhost:3000
20230317	15:57:26	6c0f4e55-2c13-4302-a7c9-879c2a0a6623	POST	/auth	http://localhost:3000
20230317	15:57:38	376f0194-8921-499a-b529-30ecc6631e55	OPTIONS	/auth	http://localhost:3000
20230317	15:57:38	d81fabc8-d166-4d23-a23a-5a13587807f9	POST	/auth	http://localhost:3000
20230317	15:58:08	ab9917b1-c262-4220-a2c5-8afba15774c6	OPTIONS	/auth	http://localhost:3000
20230317	15:58:08	d79ee144-520f-44ea-a771-42b1abe6937c	POST	/auth	http://localhost:3000
20230317	15:58:23	5ea32c13-6241-4ff0-92fc-d48a389780bb	OPTIONS	/auth	http://localhost:3000
20230317	15:58:23	f244447f-e42a-4fa4-8ad3-473de7ead7ee	POST	/auth	http://localhost:3000
20230317	15:58:36	c68148bb-0d8b-4b26-b371-68e4f4241671	OPTIONS	/auth	http://localhost:3000
20230317	15:58:36	615b95d6-ad65-4e37-9e48-05e3149bda74	POST	/auth	http://localhost:3000
20230317	15:58:47	98e7f52d-b551-467c-8aba-a33529d35222	OPTIONS	/auth	http://localhost:3000
20230317	15:58:47	742a4ee4-b384-4ba9-9afd-295a131323d6	POST	/auth	http://localhost:3000
20230317	15:58:50	5ea46fce-0875-41e5-8d7a-f73e93a823c9	POST	/auth	http://localhost:3000
20230317	15:58:50	b549b777-e24c-4a05-acd3-217732e9e27c	POST	/auth	http://localhost:3000
20230317	15:58:51	58cf4d7f-ad3f-47c3-b669-40da7561c8bb	POST	/auth	http://localhost:3000
20230317	15:58:51	7fb3bd23-a3d0-49e0-8920-192c87f8a2a8	POST	/auth	http://localhost:3000
20230317	15:58:51	b865cd98-4f42-4e33-a83f-36c04a01dc56	POST	/auth	http://localhost:3000
20230317	15:58:51	1803ed4f-c8a8-4e0e-9c1b-6a89805dcab9	POST	/auth	http://localhost:3000
20230317	15:58:51	6ddb0846-0f27-47ba-b48b-4404bfc9934c	POST	/auth	http://localhost:3000
20230317	15:58:52	20d29a5d-8c00-49d8-8579-ae75b320eed8	POST	/auth	http://localhost:3000
20230317	15:58:52	1f2697aa-de8b-4e3f-ae66-fa62a02228cb	POST	/auth	http://localhost:3000
20230317	15:58:52	745ee552-1254-4cf1-bb1e-690053ea75af	POST	/auth	http://localhost:3000
20230317	15:58:52	60e648c2-f7e5-400d-8812-01c1f727f3fe	OPTIONS	/auth	http://localhost:3000
20230317	15:58:52	f70e7494-191d-4c30-aef2-ad209ca7b948	POST	/auth	http://localhost:3000
20230317	15:58:52	32fbb2fa-cd0f-429d-b016-df67763f54a8	POST	/auth	http://localhost:3000
20230317	15:58:52	fe8e058e-5af9-441a-8b4c-6ecf923e2a15	POST	/auth	http://localhost:3000
20230317	15:58:53	138f098d-17e7-44ca-9bf9-6147e2e41b73	POST	/auth	http://localhost:3000
20230317	15:58:53	e1b8faff-e782-4cd3-abb4-a8e5db363aa2	POST	/auth	http://localhost:3000
20230317	15:58:53	5f42364e-9f08-4579-8e20-b93ee50c37ba	POST	/auth	http://localhost:3000
20230317	16:01:51	ea8324de-e12a-41c4-a2c0-7a9d4880ed63	OPTIONS	/auth	http://localhost:3000
20230317	16:01:51	a6b27b48-3ed1-4e9e-bcbd-6e0998fddabf	POST	/auth	http://localhost:3000
20230317	16:33:46	331992f7-0db4-4d68-b092-33c3bb46636d	OPTIONS	/auth	http://localhost:3000
20230317	16:33:46	53808c8c-eed1-4b63-97d8-99dbe5e7a914	POST	/auth	http://localhost:3000
20230317	16:34:02	3e4b6da5-5b53-4956-ada9-23b324c24103	OPTIONS	/auth	http://localhost:3000
20230317	16:34:02	712fcc78-aa92-4204-a103-e3dc9c85ec7f	POST	/auth	http://localhost:3000
20230317	16:37:40	977ffcb2-3e4f-4b60-9819-11d7a2e90b46	OPTIONS	/auth	http://localhost:3000
20230317	16:37:40	f62e226e-4454-403e-9e64-7ddef365f425	POST	/auth	http://localhost:3000
20230317	16:37:58	4db2e77e-4623-47fa-9c8e-85382f374dc5	OPTIONS	/auth	http://localhost:3000
20230317	16:37:58	412f7897-a606-401a-8266-4b4b606512e6	POST	/auth	http://localhost:3000
20230317	16:56:20	4ad9eb2d-2cc0-4ec0-b169-acd357b83cd2	OPTIONS	/auth	http://localhost:3000
20230317	16:56:20	1cb30f5f-e342-42ff-927c-0f947d96e99b	POST	/auth	http://localhost:3000
20230317	16:56:29	0bdad37e-ef8a-49e4-b32f-3cd75237beaf	OPTIONS	/auth	http://localhost:3000
20230317	16:56:29	c740943b-c17f-4557-b2ac-589104412c42	POST	/auth	http://localhost:3000
20230317	16:57:09	7d906f30-bb17-4634-811d-1807e4e863e1	OPTIONS	/auth	http://localhost:3000
20230317	16:57:09	072993e0-12b9-45a4-ad6d-1c89a25d3304	POST	/auth	http://localhost:3000
20230317	16:57:17	2d2d8717-6e60-4c48-9936-5c2a94ab280f	OPTIONS	/auth	http://localhost:3000
20230317	16:57:17	ff44c822-7122-484c-a61d-470e35d7f8d6	POST	/auth	http://localhost:3000
20230317	16:57:23	e1a34aa4-de3f-4ad5-8481-088b47969e6c	OPTIONS	/auth	http://localhost:3000
20230317	16:57:23	44c71410-3726-4006-a69e-903bf03f2777	POST	/auth	http://localhost:3000
20230317	16:57:49	b5f0d89e-d4d1-4684-82a2-ffea78e3e3c9	OPTIONS	/auth	http://localhost:3000
20230317	16:57:49	1e9006a5-4950-440e-b6f9-cc5935af6872	POST	/auth	http://localhost:3000
20230317	16:57:50	a7e68e97-55a4-4834-831b-bc17186ebeab	POST	/auth	http://localhost:3000
20230317	16:57:50	15fb357a-4856-4b2b-be3a-0fb6c0fbb67e	POST	/auth	http://localhost:3000
20230317	16:57:50	7cb8e6f4-3ef1-407a-9fa7-c11d821040e0	POST	/auth	http://localhost:3000
20230317	16:57:50	ad08366d-7402-4449-a940-4a431f2bad02	POST	/auth	http://localhost:3000
20230317	16:59:29	cf10ee5a-fbba-47d1-95cc-94ba943a39ac	OPTIONS	/auth	http://localhost:3000
20230317	16:59:29	1034a593-3ab4-4ff5-ac40-2678454f74f9	POST	/auth	http://localhost:3000
20230317	16:59:51	52ba8b16-3db5-46a9-8d1b-d0a2b0068167	OPTIONS	/auth	http://localhost:3000
20230317	16:59:51	3b3ea5df-1e71-4ada-8e70-aa5842bda3bf	POST	/auth	http://localhost:3000
20230317	17:01:30	38602c47-ea96-4636-b7b1-e90aae70655c	OPTIONS	/auth	http://localhost:3000
20230317	17:01:30	96e5bd33-c988-4da0-bba5-b360b5e28447	POST	/auth	http://localhost:3000
20230317	17:01:44	8c706353-e9a0-4d79-b02d-2ffc83d533f0	OPTIONS	/auth	http://localhost:3000
20230317	17:01:44	764a75c3-6431-4375-a21f-fe80ae7e6ddd	POST	/auth	http://localhost:3000
20230317	17:01:50	348b1efb-ab83-4d5a-9d1d-415da7b11170	OPTIONS	/auth	http://localhost:3000
20230317	17:01:50	71395d82-7435-494e-b502-f1d7cb29091c	POST	/auth	http://localhost:3000
20230317	17:01:54	0a89cfa6-bd01-48c9-b798-d86a425a71fb	POST	/auth	http://localhost:3000
20230317	17:02:32	04f8c914-6c5f-4bf3-9b6e-e8efa372c45a	OPTIONS	/auth	http://localhost:3000
20230317	17:02:32	08b04cba-2225-4236-b7e7-c4bf3594ca2d	POST	/auth	http://localhost:3000
20230317	17:02:44	bd8801e8-3d5d-490f-861a-d2def77c7664	OPTIONS	/auth	http://localhost:3000
20230317	17:02:44	eca597e3-2233-4e9f-a813-7f673078b910	POST	/auth	http://localhost:3000
20230317	17:02:56	aed1a2fb-4284-47b1-8ed8-e4507ed4bce7	OPTIONS	/auth	http://localhost:3000
20230317	17:02:56	f26c1e9a-f156-49bb-a7c1-c53dddd78831	POST	/auth	http://localhost:3000
20230317	17:08:32	0453c5d7-569d-4d75-9267-2f3ce7068dae	GET	/products/search?categories=All&countries=All&companies=&brands=&capacities=	http://localhost:3000
20230317	17:08:50	be57e8d1-6ee2-49c2-998a-e3b46740413e	OPTIONS	/auth	http://localhost:3000
20230317	17:08:50	b0f6c999-368c-4eb1-a370-16a1a713e1d6	POST	/auth	http://localhost:3000
20230317	17:31:14	f7c8f3c4-9cef-40e3-bba4-aa1340f6aaba	GET	/products/search?categories=All&countries=All&companies=&brands=&capacities=	http://localhost:3000
20230317	17:31:16	d06bcf1c-b7dd-4709-bbd8-e2834326c04c	GET	/pi/last	http://localhost:3000
20230317	18:13:44	2f83071f-4748-4e8d-a46f-c4a401b36b09	OPTIONS	/auth	http://localhost:3000
20230317	18:13:44	29333bec-050e-4f3f-8e77-adaaeadb03f9	POST	/auth	http://localhost:3000
20230317	18:24:38	c4f85a8e-ce04-42ef-a9f8-5e3d3d5ba325	GET	/	undefined
20230317	18:24:38	ae7d0004-a1a6-47ea-951c-e515cbe4cada	GET	/favicon.ico	undefined
20230317	18:29:46	75c14511-700b-4267-b50d-c8c7342a7244	GET	/	undefined
20230317	18:29:46	90814049-9cf1-4846-b028-b46cd6475fb0	GET	/	undefined
20230317	18:29:47	8ae19f1b-f38f-4260-a36e-e1fbd60020b7	GET	/	undefined
20230317	18:45:30	e5e52a98-03cb-4827-a800-079adb8d8ede	GET	/products/search?categories=All&countries=All&companies=&brands=&capacities=	http://localhost:3000
20230318	09:54:56	15d3048d-582b-4bdc-857a-265a576163a5	GET	/products/search?categories=All&countries=All&companies=&brands=&capacities=	http://localhost:3000
20230318	09:55:00	c02584e6-2d9f-438f-97ef-be19f25b178e	GET	/products/search?categories=All&countries=All&companies=&brands=&capacities=	http://localhost:3000
20230318	09:55:20	b0019b93-81c7-422c-b414-d2fac01d330a	GET	/products/search?categories=All&countries=All&companies=&brands=&capacities=	http://localhost:3000
20230318	09:57:12	1785d9ae-18a3-4f01-95d4-3454f0993d73	GET	/products/search?categories=All&countries=All&companies=&brands=&capacities=	http://localhost:3000
20230318	09:57:23	fcb4205f-22ac-4e37-bc77-dcf4289c36e5	GET	/products/search?categories=All&countries=All&companies=&brands=&capacities=	http://localhost:3000
20230318	09:57:33	7d3e00aa-88ce-4acf-951e-b7851a915862	GET	/products/search?categories=All&countries=All&companies=&brands=&capacities=	http://localhost:3000
20230318	09:57:36	9d60a25e-0624-4a15-8469-2ae83d27d5ad	GET	/products/search?categories=All&countries=All&companies=&brands=&capacities=	http://localhost:3000
20230318	09:57:40	e679259a-82d8-42fc-9ef7-e6806467510e	GET	/products/search?categories=All&countries=All&companies=&brands=&capacities=	http://localhost:3000
20230318	09:57:49	1fb07119-5471-49c4-a982-82f7cf14c791	GET	/products/search?categories=All&countries=All&companies=&brands=&capacities=	http://localhost:3000
20230318	09:57:51	f9e38422-17d5-40b6-9f0a-27b30b93a274	GET	/products/search?categories=All&countries=All&companies=&brands=&capacities=	http://localhost:3000
20230318	09:58:03	14ac907b-42b0-4b58-946c-053959394749	GET	/products/search?categories=All&countries=All&companies=&brands=&capacities=	http://localhost:3000
20230318	10:00:05	9f85f882-eb66-49e5-b7b7-81a5bd697297	GET	/products/search?categories=All&countries=All&companies=&brands=&capacities=	http://localhost:3000
20230318	10:00:08	93ee58a8-1ceb-4ed4-9437-cf6e2cb7b9fb	GET	/products/search?categories=All&countries=All&companies=&brands=&capacities=	http://localhost:3000
20230318	10:00:17	67646e1c-cfeb-493f-a81e-15213f5c5151	GET	/products/search?categories=All&countries=All&companies=&brands=&capacities=	http://localhost:3000
20230318	10:00:52	dc0769f6-9f5b-4b82-a331-26193eda2835	GET	/products/search?categories=All&countries=All&companies=&brands=&capacities=	http://localhost:3000
20230318	10:03:01	26950fec-913e-4ff8-bc43-a0bd3317c694	OPTIONS	/auth	http://localhost:3000
20230318	10:03:01	f1ee673f-d430-4780-9d2e-82ace01f71e8	POST	/auth	http://localhost:3000
20230318	10:03:03	382fad79-8783-4a15-a6fc-e9745a9e4616	GET	/products/search?categories=All&countries=All&companies=&brands=&capacities=	http://localhost:3000
20230318	10:03:14	8f8f5d09-a332-4f56-9d15-21739b27d9fd	GET	/products/search?categories=All&countries=All&companies=&brands=&capacities=	http://localhost:3000
20230318	10:03:18	6995977f-a136-4b9d-a9a7-cddadacc01d3	GET	/products/search?categories=All&countries=All&companies=&brands=&capacities=	http://localhost:3000
20230318	10:03:36	41e47747-35fc-4676-af9e-c8e97953772c	GET	/products/search?categories=All&countries=All&companies=&brands=&capacities=	http://localhost:3000
20230318	10:06:55	d3fde6bc-3b86-4af5-a603-98b2bae0a02f	GET	/products/search?categories=All&countries=All&companies=&brands=&capacities=	http://localhost:3000
20230318	10:18:28	35885074-6779-42ce-9c16-df90c5fcaeb5	OPTIONS	/auth	http://localhost:3000
20230318	10:18:28	59fdc232-2552-416b-a465-089cb17b8f6b	POST	/auth	http://localhost:3000
20230318	10:18:30	9e1483a4-8cb5-4028-9522-9760d0ac4cc3	POST	/auth	http://localhost:3000
20230318	10:18:31	5a185ee9-1e8f-4a80-a40d-480912199c55	POST	/auth	http://localhost:3000
20230318	10:18:32	8c91bf22-8e95-438d-9fc2-220040633b17	POST	/auth	http://localhost:3000
20230318	10:18:32	47ae73de-52fa-4609-9aa8-9e3d06da66e6	POST	/auth	http://localhost:3000
20230318	10:18:32	75ae74c9-6feb-435f-8620-9ecde26f12fc	POST	/auth	http://localhost:3000
20230318	10:18:32	293ba89e-8d47-4edc-a780-9e1821387d4c	POST	/auth	http://localhost:3000
20230318	10:18:32	ae15bdfb-c204-469f-829b-df3f08f529c4	POST	/auth	http://localhost:3000
20230318	10:18:32	a6db5471-7f95-4bef-9542-6ef96d7e946c	POST	/auth	http://localhost:3000
20230318	10:18:33	c0641356-bbf6-419d-8225-06d5f5e63bac	POST	/auth	http://localhost:3000
20230318	10:41:35	36d2a73e-3c4d-4712-b780-954a087383db	OPTIONS	/auth	http://localhost:3000
20230318	10:41:35	48936101-cfc4-4211-888b-cb9b24ebc79b	POST	/auth	http://localhost:3000
20230318	13:14:30	39b03eb4-d225-4f49-83ec-e7e00394c200	GET	/users	undefined
20230318	13:15:45	7ec88705-7799-402d-8af5-24b3fc273c97	GET	/users	undefined
20230318	13:17:07	67910ae0-6402-4077-abe9-6943770b4c2b	POST	/users	undefined
20230318	13:17:12	1898fcbe-58a2-4879-a7fb-6e1401e02b8b	GET	/users	undefined
20230318	17:19:07	b6e8146c-7e38-476c-8fd3-c8a3895c9c55	GET	/products/search?categories=All&countries=All&companies=&brands=&capacities=	http://localhost:3000
20230318	17:19:11	b8f0043f-628d-4341-8474-721d52e6fabc	GET	/products/search?categories=All&countries=All&companies=&brands=&capacities=	http://localhost:3000
20230318	17:19:17	3f30f781-e7c3-47f9-8910-9052e401d868	GET	/pi/last	http://localhost:3000
20230318	17:19:22	63d5a062-d2f1-4789-b099-efd7d27afea9	OPTIONS	/pi	http://localhost:3000
20230318	17:19:22	7a39cc31-eb07-4b32-96fb-3bd2a7fc36b2	POST	/pi	http://localhost:3000
20230318	17:19:41	c0849142-d155-4c1d-bec1-6f14475ab70a	OPTIONS	/auth	http://localhost:3000
20230318	17:19:41	ea410f77-0010-495d-bf3e-330ed50e78ef	POST	/auth	http://localhost:3000
20230318	17:19:44	be2143e4-5217-4232-aa47-71364ada5417	GET	/products/search?categories=All&countries=All&companies=&brands=&capacities=	http://localhost:3000
20230318	17:19:45	0666d601-c9f5-438c-8c45-3fffa8f03ccf	GET	/pi/last	http://localhost:3000
20230318	17:19:48	6743c778-3a0c-4be3-8928-be2e96dfc6d0	OPTIONS	/pi	http://localhost:3000
20230318	17:19:48	78cf8e4d-6a9e-4640-b0c0-50c6b09aa91f	POST	/pi	http://localhost:3000
20230318	17:21:52	fd63301c-b2c8-4e3f-b830-683bb16a4f8e	OPTIONS	/auth	http://localhost:3000
20230318	17:21:52	c9af1bca-d8bf-49e5-ade5-d9e0793ef269	POST	/auth	http://localhost:3000
20230318	17:21:54	7f78cb84-2e72-4b4b-8998-7f61f5a1fdaa	GET	/products/search?categories=All&countries=All&companies=&brands=&capacities=	http://localhost:3000
20230318	17:21:57	faa66118-449e-4ed9-90cf-fc87888a1308	GET	/pi/last	http://localhost:3000
20230318	17:22:22	ecfeb5cf-7fb8-42fb-b8b0-c6b749825565	GET	/products/search?categories=All&countries=All&companies=&brands=&capacities=	http://localhost:3000
20230318	17:22:24	0c17fa0b-53a6-414b-a6e7-368245f3bc0a	GET	/pi/last	http://localhost:3000
20230318	17:22:25	db0b15fb-83d0-4d75-a95e-b64a562cb825	OPTIONS	/pi	http://localhost:3000
20230318	17:22:25	6239fb77-7b19-434f-92da-fd0375891823	POST	/pi	http://localhost:3000
20230318	17:22:29	a1ca1d3a-9365-40d1-87a8-f5e3b0f4e753	GET	/products/search?categories=All&countries=All&companies=&brands=&capacities=	http://localhost:3000
20230318	17:22:34	fa7b3b02-12ac-45f7-b786-caaaec77d5a2	GET	/pi/last	http://localhost:3000
20230318	17:23:36	f6d78308-8c78-4476-853c-4fa1f6759755	GET	/products/search?categories=All&countries=All&companies=&brands=&capacities=	http://localhost:3000
20230318	17:23:39	2b71d68e-4ec1-4e41-9772-b54ca3acfac5	GET	/products/search?categories=Solar&countries=All&companies=&brands=&capacities=	http://localhost:3000
20230318	17:23:43	cc5bd7ad-3b2b-4ff3-9738-d7219804dfa1	GET	/pi/last	http://localhost:3000
20230318	17:24:25	5e1dd6dd-e5ce-43cc-8fa9-ddd10c45f67c	OPTIONS	/pi	http://localhost:3000
20230318	17:24:25	474c55e0-5ad4-436c-bf52-9796dad26168	POST	/pi	http://localhost:3000
20230318	17:27:30	ae41305f-925d-4c72-98a4-8cd0cd635db8	OPTIONS	/auth	http://localhost:3000
20230318	17:27:30	004e6913-cff8-490b-8ce2-3b02e638f26c	POST	/auth	http://localhost:3000
20230318	17:27:41	b3ba5d3f-c906-4cfe-819a-45aeb74204f8	GET	/products/search?categories=All&countries=All&companies=&brands=&capacities=	http://localhost:3000
20230318	17:28:09	3f6e7e65-8a90-4d3d-aa5e-9ac6fb7be8db	GET	/pi/last	http://localhost:3000
20230318	17:28:22	ae0dfaf6-9829-4cb5-960c-ff965ff2dc82	GET	/products/search?categories=All&countries=All&companies=&brands=&capacities=	http://localhost:3000
20230318	17:28:29	50d89127-88ea-4861-bc35-bead6ac6f9e5	GET	/pi/last	http://localhost:3000
20230318	17:29:49	6e625428-9ade-418e-b06c-fe00ff13c188	OPTIONS	/auth	http://localhost:3000
20230318	17:29:49	f39bfd0c-b4cc-474f-8c56-be9a98d0498f	POST	/auth	http://localhost:3000
20230318	17:29:51	3f744dc1-f2d4-4a06-a5bf-718d8a6a703b	GET	/products/search?categories=All&countries=All&companies=&brands=&capacities=	http://localhost:3000
20230318	17:29:54	cb7d9e8d-caa8-4be1-b058-354f5da57a4c	GET	/products/search?categories=All&countries=All&companies=&brands=&capacities=	http://localhost:3000
20230318	17:30:06	720a9d38-211e-498e-965c-3b34a2318f6c	GET	/products?page=1	http://localhost:3000
20230318	17:30:14	cf22e42a-44de-443a-bf4b-00f8ec722e4d	GET	/products?page=1	http://localhost:3000
20230318	17:30:17	21297c37-6f60-457b-89bc-8ebe84e6fbb6	GET	/products/search?categories=All&countries=All&companies=&brands=&capacities=	http://localhost:3000
20230318	17:32:11	ed12cdb4-6aab-4614-9537-7075ea68e44f	OPTIONS	/auth	http://localhost:3000
20230318	17:32:11	95a78fa2-49d0-4964-b6c7-57de7afe3a4e	POST	/auth	http://localhost:3000
20230318	17:33:05	12d3e8c8-8443-4dbc-a2ec-793488243b4d	OPTIONS	/auth	http://localhost:3000
20230318	17:33:05	a14905dd-ab95-4af9-8db4-b8f126981546	POST	/auth	http://localhost:3000
20230318	17:33:09	f9db5c9e-c49e-4a18-951a-c5079c698ac6	GET	/products/search?categories=All&countries=All&companies=&brands=&capacities=	http://localhost:3000
20230320	11:35:30	84f9d1f7-7076-46ec-b317-4b86945d0f19	GET	/products/search?categories=All&countries=All&companies=&brands=&capacities=	http://localhost:3000
20230320	11:53:33	a6b48198-e911-4249-8b1e-82749996d85a	OPTIONS	/auth	http://localhost:3000
20230320	11:53:33	dbc85cce-08f4-41d9-a834-cc537e586454	POST	/auth	http://localhost:3000
20230320	11:53:35	b6835705-8717-4486-bfab-f04ab408b54d	GET	/products/search?categories=All&countries=All&companies=&brands=&capacities=	http://localhost:3000
20230320	11:54:06	cb27af74-4f4e-407e-9d8d-11f8ce89c0e5	GET	/products/search?categories=All&countries=All&companies=&brands=&capacities=	http://localhost:3000
20230320	11:54:22	ccc61d96-ff11-4888-8af9-dce26a95f4c7	GET	/products/search?categories=All&countries=All&companies=&brands=&capacities=	http://localhost:3000
20230320	11:58:30	e786fa04-88eb-46c0-a576-fbacbc7e17f8	OPTIONS	/products/6408c669aa7dd4c7ad6b0abf	http://localhost:3000
20230320	11:58:30	df7cb0b9-5e4d-4899-b0b9-90307e8628cd	PATCH	/products/6408c669aa7dd4c7ad6b0abf	http://localhost:3000
20230320	11:58:39	6c1cc0a8-ddea-4eea-afa5-9a4d54e14039	GET	/products/search?categories=All&countries=All&companies=&brands=&capacities=	http://localhost:3000
20230320	12:01:48	aa16eada-f825-4a73-b2ae-513c4cda3b02	OPTIONS	/products/6408c669aa7dd4c7ad6b0abf	http://localhost:3000
20230320	12:01:48	c71563a5-83de-4ad2-8c1d-887401d4ebf9	PATCH	/products/6408c669aa7dd4c7ad6b0abf	http://localhost:3000
20230320	12:01:52	38a3f2e4-8f10-482a-a0f6-ee196657f9ec	GET	/products/search?categories=All&countries=All&companies=&brands=&capacities=	http://localhost:3000
20230320	12:02:13	c0e4f2fa-3868-4318-8a8f-39b8d13c263c	GET	/products/search?categories=All&countries=All&companies=&brands=&capacities=	http://localhost:3000
20230320	12:02:20	5ee38df8-8417-420b-95b9-ace5d1c7fd0b	GET	/products/search?categories=All&countries=All&companies=&brands=&capacities=	http://localhost:3000
20230320	12:02:27	2445000e-83e8-4c42-9708-fd54fa319e08	GET	/products/search?categories=All&countries=All&companies=&brands=&capacities=	http://localhost:3000
20230320	12:40:23	56f72ad9-3019-4a70-ad46-b873dc5e70ef	GET	/products/search?categories=All&countries=All&companies=&brands=&capacities=	http://localhost:3000
20230320	12:40:47	bf5c5420-7768-42e9-bb16-b71bd9429ed3	POST	/upload	http://localhost:3000
20230320	12:41:48	5beae8fd-dbe7-471a-b63b-23514a53f645	POST	/upload	http://localhost:3000
20230320	12:42:52	fc8fa4f7-5fa0-49ec-82a9-39c2267e4fa7	POST	/upload	http://localhost:3000
20230320	12:43:43	3a247f23-77e4-4340-a2db-8ff9d588f1cf	POST	/upload	http://localhost:3000
20230320	12:47:57	069ebb1e-d559-485f-b32b-43bc62c34962	GET	/products/search?categories=All&countries=All&companies=&brands=&capacities=	http://localhost:3000
20230320	12:48:05	450ad980-dc58-4742-a915-4c088ba74713	POST	/upload	http://localhost:3000
20230320	12:55:19	10bbef1a-4efb-4b49-878f-7b458b3f3edc	GET	/products/search?categories=All&countries=All&companies=&brands=&capacities=	http://localhost:3000
20230320	12:55:19	a888cadb-2a09-472b-ae1f-3488e72dfbba	GET	/products/search?categories=All&countries=All&companies=&brands=&capacities=	http://localhost:3000
20230320	12:58:04	06065c05-fe7d-467d-8a52-8d5b98017eb6	POST	/upload	http://localhost:3000
20230320	13:02:10	1ec11f11-3bfa-45a9-9cbf-1545355c8e1b	POST	/upload	http://localhost:3000
20230320	13:04:03	5619f146-4d51-4c0b-b94f-7cb0bedde05e	POST	/upload	http://localhost:3000
20230320	13:12:45	b0cf9a8f-607b-47bd-8277-27a4492283ec	GET	/download?filename=6408790e0633afb54fd7a0fc	undefined
20230320	13:13:01	967771c9-56d0-4b8b-841c-bb40f281d661	GET	/download/6408790e0633afb54fd7a0fc	undefined
20230320	13:14:18	69f75ed4-db07-47f4-b1dc-f22f5d696ac0	GET	/download/6408790e0633afb54fd7a0fc	undefined
20230320	13:15:24	18813998-13d3-416d-b094-ff9f447dd487	GET	/download/6408790e0633afb54fd7a0fc	undefined
20230320	13:15:58	ace83a2e-6285-4839-906b-a66318b43934	GET	/download?filename=6408790e0633afb54fd7a0fc	undefined
20230320	13:16:43	66a95121-aff7-47b7-bdce-23233cd8e1d1	GET	/download?filename=6408790e0633afb54fd7a0fc	undefined
20230320	13:17:04	0718d763-604b-4429-b033-ab3d2dd1014f	GET	/download?filename=6408790e0633afb54fd7a0fc	undefined
20230320	13:17:19	48c01699-4f1f-449d-b3d3-9ed623f2df88	GET	/download/6408790e0633afb54fd7a0fc	undefined
20230320	13:18:50	c9a9cf04-d718-4c53-9d00-ec2624ac0e41	GET	/download/6408790e0633afb54fd7a0fc	undefined
20230320	13:19:20	dec4678d-ca6f-43e1-89c8-e1113ffd423e	GET	/download/6408790e0633afb54fd7a0fc	undefined
20230320	13:20:38	be8bb1fc-0119-4bde-8b9c-f016d922a131	GET	/download/6408790e0633afb54fd7a0fc	undefined
20230320	13:20:59	acf02b97-e284-4379-af72-e4f17e89236e	GET	/download/6408790e0633afb54fd7a0fc	undefined
20230320	13:24:14	5c6c40e1-ffd1-42f0-8667-fd4e99a54a11	GET	/download/6408790e0633afb54fd7a0fc	undefined
20230320	13:25:13	37888bbe-30e0-49a2-be3e-b6f4ae0f86a9	GET	/download/6408790e0633afb54fd7a0fc	undefined
20230320	13:25:41	dc6b2793-7859-46c9-a42c-8ca01a490af5	GET	/download/6408790e0633afb54fd7a0fc	undefined
20230320	13:26:48	6746534c-a3d2-4857-868b-1841fa8a27bc	GET	/download/6408790e0633afb54fd7a0f2	undefined
20230320	13:26:48	33261c60-4d54-460a-aa1d-1fc596cb26f3	GET	/favicon.ico	undefined
20230320	13:27:02	cef14a8f-8311-4fcd-850d-b26fdcf33261	GET	/download/6408790e0633afb54fd7a0f2	undefined
20230320	13:27:09	93413f4b-c09b-48e3-8f15-2e34a73b07b5	GET	/download/6408790e0633afb54fd7a0fc	undefined
20230320	13:34:58	d5f989c6-9ee7-4f64-9ced-d1418b8badf3	GET	/products/search?categories=All&countries=All&companies=&brands=&capacities=	http://localhost:3000
20230320	13:35:01	a614f00e-92a5-42a4-a017-64f381b0113c	GET	/download/640876b90633afb54fd7a0f3	http://localhost:3000
20230320	13:35:09	beeb998d-10c3-4343-9102-640c61db0f44	GET	/download/640876b90633afb54fd7a0f3	http://localhost:3000
20230320	13:35:12	1a8fa680-1692-48ed-95c1-7bfbb625710d	GET	/download/640878750633afb54fd7a0f9	http://localhost:3000
20230320	13:35:16	ec8918d1-e299-4950-b66d-4aadfa07228a	GET	/download/6408806d0633afb54fd7a10a	http://localhost:3000
20230320	13:35:25	40ec2141-265a-4344-949f-761fb069c72b	GET	/products/search?categories=All&countries=All&companies=&brands=&capacities=	http://localhost:3000
20230320	13:35:50	ea2af009-c821-4966-b225-00566bb6f055	POST	/upload	http://localhost:3000
20230320	13:36:10	bcd25c33-5210-4863-bfc5-3c9e6816d972	GET	/products/search?categories=All&countries=All&companies=&brands=&capacities=	http://localhost:3000
20230320	13:36:12	b8bada80-6869-4477-ae40-dd5012fa6a4e	GET	/products/search?categories=All&countries=All&companies=&brands=&capacities=	http://localhost:3000
20230320	13:36:14	586cbd7a-c579-4e04-933a-89123c17afbe	GET	/download/640876b90633afb54fd7a0f3	http://localhost:3000
20230320	13:36:47	08f8d4ca-066e-4b4b-8160-de2fb7aeb294	GET	/download/640876b90633afb54fd7a0f3	http://localhost:3000
20230320	13:39:38	c9519431-ebb9-4f64-8ac5-6e12150c4a15	GET	/download/640876b90633afb54fd7a0f3	http://localhost:3000
20230320	13:39:41	f7bc6f37-d90b-4789-b827-c8c2b0de5f3a	GET	/download/640876b90633afb54fd7a0f3	http://localhost:3000
20230320	13:39:45	8439fe26-1119-4b15-b3cb-df0df49694ab	GET	/products/search?categories=All&countries=All&companies=&brands=&capacities=	http://localhost:3000
20230320	13:39:47	d14a404a-de99-412a-aa5d-dddaa92ddbbc	GET	/download/640876b90633afb54fd7a0f3	http://localhost:3000
20230320	13:41:46	f3ef8402-22e5-4452-b2a7-1196b15b9370	GET	/products/search?categories=All&countries=All&companies=&brands=&capacities=	http://localhost:3000
20230320	13:41:49	0102703c-455b-4f7f-928e-9594c1c449f7	GET	/download/640876b90633afb54fd7a0f3	http://localhost:3000
20230320	13:42:32	5fa5b4c1-1c9a-4073-a530-111a72ddf7f6	GET	/products/search?categories=All&countries=All&companies=&brands=&capacities=	http://localhost:3000
20230320	13:42:33	c8f02271-ae19-442e-905d-d951596f4f34	GET	/download/640876b90633afb54fd7a0f3	http://localhost:3000
20230320	13:43:35	1e32caf7-5e3a-45a1-8702-323bc3499a95	GET	/download/640878750633afb54fd7a0f9	http://localhost:3000
20230320	13:43:47	c23c374e-a799-4acb-b5b2-ad170e4244e5	GET	/download/640876b90633afb54fd7a0f3	http://localhost:3000
20230320	13:47:04	df39205a-2b37-4576-b0f2-7eda697f907d	OPTIONS	/auth	http://localhost:3000
20230320	13:47:04	1f25f5c2-3892-4a21-9c22-c5c07e899f13	POST	/auth	http://localhost:3000
20230320	13:47:06	18431c4e-8855-4adc-afd0-7c0a11b7c434	GET	/products/search?categories=All&countries=All&companies=&brands=&capacities=	http://localhost:3000
20230320	13:47:08	8df21d9f-3f65-4bcb-9eea-81b2bc76ce39	GET	/products/search?categories=All&countries=All&companies=&brands=&capacities=	http://localhost:3000
20230320	13:47:10	6d6bd404-ba7c-4738-ac32-948de8e0e452	GET	/download/640876b90633afb54fd7a0f3	http://localhost:3000
20230320	13:47:19	b6f497e0-8ca4-4613-a244-a97d2c1c6d7c	GET	/download/640878750633afb54fd7a0f9	http://localhost:3000
20230320	13:50:10	7e848f96-562c-4e72-9059-8ca2896ae87d	GET	/products/search?categories=All&countries=All&companies=&brands=&capacities=	http://localhost:3000
20230320	13:50:12	ee2eceae-040b-4d76-a95c-458bb3d312cd	GET	/download/640878750633afb54fd7a0f9	http://localhost:3000
20230320	13:50:19	61b412af-eecc-4205-98d8-764843993c8c	GET	/download/640f2874c435f8c9a97be770	http://localhost:3000
20230320	13:53:49	8b01ba5d-eeec-408a-8d18-5ad58f63a023	GET	/products/search?categories=All&countries=All&companies=&brands=&capacities=	http://localhost:3000
20230320	14:21:51	d7a12e36-1be3-41cd-bbc7-8d3b1584c171	GET	/products/search?categories=All&countries=All&companies=&brands=&capacities=	http://localhost:3000
20230320	14:21:55	19145bad-4ef3-4cc1-b3b0-423b29d0bb5f	GET	/download/6408c69baa7dd4c7ad6b0ac0	http://localhost:3000
20230320	14:22:02	478fc317-b3fd-477c-a109-4585336d9066	GET	/products/search?categories=All&countries=All&companies=&brands=&capacities=	http://localhost:3000
20230320	14:22:05	df403959-2066-4c4a-a20f-3cc613a3f94d	GET	/download/6408790e0633afb54fd7a0fc	http://localhost:3000
20230320	14:22:11	6eb0807e-e51a-4456-85b2-c31f3744d770	GET	/download/6408c634aa7dd4c7ad6b0abe	http://localhost:3000
20230320	14:22:25	62423acf-7e1a-4fb5-8760-e7200ece516d	GET	/download/640878750633afb54fd7a0f9	http://localhost:3000
20230320	14:22:32	5951d7a0-ad84-4025-8766-62a2fafda33e	GET	/products/search?categories=All&countries=All&companies=&brands=&capacities=	http://localhost:3000
20230320	14:23:01	2b2dc627-f85f-433c-ad81-975af311623d	POST	/upload	http://localhost:3000
20230320	14:23:18	d3193779-283b-4d7e-ad52-7b0f343a510e	GET	/products/search?categories=All&countries=All&companies=&brands=&capacities=	http://localhost:3000
20230320	14:23:21	c3284a6c-fb3c-4ff0-a7ae-9102ab45b227	GET	/download/64087f6c0633afb54fd7a108	http://localhost:3000
20230320	14:23:44	cf319896-0391-40b1-beee-d22208eef596	POST	/upload	http://localhost:3000
20230320	14:23:51	9b2d20f8-89c2-4c1c-ba70-6d217bef968a	GET	/products/search?categories=All&countries=All&companies=&brands=&capacities=	http://localhost:3000
20230320	14:23:54	c3929616-f58e-4da0-83b9-f03af494b65f	GET	/download/64087f6c0633afb54fd7a108	http://localhost:3000
20230320	14:28:21	233b1c8d-3833-49c2-9b17-764070beb92c	GET	/products/search?categories=All&countries=All&companies=&brands=&capacities=	http://localhost:3000
20230320	14:33:26	9c6e3812-7cee-4dcc-8a38-c99f49e50943	GET	/products/search?categories=All&countries=All&companies=&brands=&capacities=	http://localhost:3000
20230320	14:38:29	c9df6338-4b60-4bfb-a5ed-60620c21bac9	POST	/upload	http://localhost:3000
20230320	14:38:50	fccae6f3-6989-4cc2-9ef5-36db1c96e4dd	GET	/products/search?categories=All&countries=All&companies=&brands=&capacities=	http://localhost:3000
20230320	14:38:53	6287384c-9e7d-4a7e-a86b-a6c0cf4bc538	GET	/download/6408803d0633afb54fd7a109	http://localhost:3000
20230320	14:38:56	00cedf29-af83-49ad-9429-f6e456fa75fa	GET	/download/6408803d0633afb54fd7a109	http://localhost:3000
20230320	14:39:28	7a46840f-880e-4fff-b0ed-4b3d02da17e9	GET	/download/64087c940633afb54fd7a103	http://localhost:3000
20230320	14:40:32	1ae45035-3fe9-49fb-acf5-3b225efed117	GET	/products/search?categories=All&countries=All&companies=&brands=&capacities=	http://localhost:3000
20230320	14:40:46	4ae799d0-8913-4053-9600-47124b43b391	POST	/upload	http://localhost:3000
20230320	14:43:43	b60c50d3-087c-409e-aa64-209ce8cb03e6	OPTIONS	/auth	http://localhost:3000
20230320	14:43:43	c9c3261a-bafe-424a-9427-42f33531c140	POST	/auth	http://localhost:3000
20230320	14:43:49	4652734c-e785-4ba1-86de-e7a4ad5db42b	GET	/products/search?categories=All&countries=All&companies=&brands=&capacities=	http://localhost:3000
20230320	14:43:54	7c784cc3-52d8-499c-b21a-c683639103f9	GET	/download/6408803d0633afb54fd7a109	http://localhost:3000
20230320	14:44:24	8d231155-5cb1-4e14-8a6b-b43c3e212114	POST	/upload	http://localhost:3000
20230320	14:44:42	430f3448-af22-4338-8a70-5f9707707419	GET	/download/6408803d0633afb54fd7a109	http://localhost:3000
20230320	14:58:39	ee38bc1b-0dd8-4f26-8b35-329172079c13	GET	/products/search?categories=All&countries=All&companies=&brands=&capacities=	http://localhost:3000
20230320	14:58:52	4482b591-3beb-40f9-adae-ef8ede1ca9d8	GET	/products/search?categories=All&countries=All&companies=&brands=&capacities=	http://localhost:3000
20230320	14:59:30	7f65a87c-8821-4d7d-bab1-c1c866a320e2	GET	/products/search?categories=All&countries=All&companies=&brands=&capacities=	http://localhost:3000
20230320	15:00:15	5b016a25-c0fa-4bfc-8925-06e958b583c4	GET	/products/search?categories=All&countries=All&companies=&brands=&capacities=	http://localhost:3000
20230320	15:54:10	d9d05c50-bc0d-4b25-8e1f-d3ac3daaefdd	GET	/products/search?categories=All&countries=All&companies=&brands=&capacities=	http://localhost:3000
20230320	15:55:06	6e7d1d4e-52ce-4c80-a43b-d2d71310a8e0	GET	/products/search?categories=All&countries=All&companies=&brands=&capacities=	http://localhost:3000
20230320	15:56:45	2f4bcf0a-bc64-469c-901b-f078c16b3c3e	GET	/products/search?categories=All&countries=All&companies=&brands=&capacities=	http://localhost:3000
20230320	15:57:01	e8318024-f2c4-47c2-99d6-b3a932a2e723	GET	/products/search?categories=All&countries=All&companies=&brands=&capacities=	http://localhost:3000
20230320	16:10:00	0e74c556-4386-4fb0-bd15-75ce18f8eee5	GET	/products/search?categories=All&countries=All&companies=&brands=&capacities=	http://localhost:3000
20230320	16:10:02	2677cbc2-6e8d-4ddc-898e-c604b5f9c301	GET	/products/search?categories=All&countries=All&companies=&brands=&capacities=	http://localhost:3000
20230320	16:10:28	6a8976d7-c509-4dc5-bd3c-7f711632d3e6	GET	/products/search?categories=All&countries=All&companies=&brands=&capacities=	http://localhost:3000
20230320	16:25:19	ab6ac3d9-ded7-4eff-9500-038a438a07bf	GET	/download/6408c634aa7dd4c7ad6b0abe	http://localhost:3000
20230320	16:33:13	680849b7-5fe7-4a44-956c-ac961e9194c7	GET	/products/search?categories=All&countries=All&companies=&brands=&capacities=	http://localhost:3000
20230320	16:34:34	eca4f20a-caa3-42bb-956a-4ec96336eeba	GET	/products/search?categories=All&countries=All&companies=&brands=&capacities=	http://localhost:3000
20230320	16:44:33	8af37263-f13d-403e-96f5-f29d00229a7f	GET	/products/search?categories=All&countries=All&companies=&brands=&capacities=	http://localhost:3000
20230320	16:44:44	208510e2-b967-4c8b-8254-d2039cffa37c	GET	/products/search?categories=All&countries=All&companies=&brands=&capacities=	http://localhost:3000
20230320	16:44:47	8c3fe67e-ecb1-4bad-9245-bf7c19d8963f	GET	/products/search?categories=All&countries=All&companies=&brands=&capacities=	http://localhost:3000
20230320	16:44:53	60a4ed78-e53b-4cde-a148-8bc2e193e4e0	GET	/products/search?categories=All&countries=All&companies=&brands=&capacities=	http://localhost:3000
20230320	16:50:26	bc8c46de-2052-4e48-927d-aab44ec4afb1	GET	/products/search?categories=All&countries=All&companies=&brands=&capacities=	http://localhost:3000
20230320	16:50:45	c97029ea-e2e1-46ea-ac49-c06b956fef94	GET	/products/search?categories=All&countries=All&companies=&brands=&capacities=	http://localhost:3000
20230320	16:50:48	0429a9e7-680f-441f-a9fc-39900154d98f	GET	/products/search?categories=All&countries=All&companies=&brands=&capacities=	http://localhost:3000
20230320	16:50:53	07b5c3b9-1f69-47b0-b7a3-343470555a6c	GET	/products/search?categories=All&countries=All&companies=&brands=&capacities=	http://localhost:3000
20230320	16:52:42	c958dfe3-1f73-48ad-9220-9f98be5c1721	GET	/products/search?categories=All&countries=All&companies=&brands=&capacities=	http://localhost:3000
20230320	16:52:51	c669cc97-89c3-4960-b24f-840ca075e329	GET	/products/search?categories=All&countries=All&companies=&brands=&capacities=	http://localhost:3000
20230320	16:52:56	8023582f-aee6-4c2c-92d7-dd1b81867283	GET	/products/search?categories=All&countries=All&companies=&brands=&capacities=	http://localhost:3000
20230321	13:45:00	d9a8d7f1-585f-474f-8a8d-34f93ecb4041	GET	/users	undefined
20230321	15:31:01	1b613a68-f8cd-43a6-8591-a3f1a5c19236	GET	/users	http://localhost:3000
20230321	15:31:06	e509bcbd-d2c1-46c3-bfdd-b2ac12bc1911	OPTIONS	/users/6412ebe57ead573850327cf2	http://localhost:3000
20230321	15:31:06	da91ebc7-bd70-467c-9e14-d78f8f8535cf	PATCH	/users/6412ebe57ead573850327cf2	http://localhost:3000
20230321	15:33:01	54f4ec4d-7651-41d1-9a12-18df1e632bce	GET	/users	http://localhost:3000
20230321	15:33:03	e4046908-992e-4281-a2ae-815c0515c460	OPTIONS	/users/6412ebe57ead573850327cf2	http://localhost:3000
20230321	15:33:03	ece8198e-ebf7-4f1f-b662-1a968cd39529	PATCH	/users/6412ebe57ead573850327cf2	http://localhost:3000
20230321	15:33:33	fc72796c-d94a-4098-8e88-d6b7e4779b02	OPTIONS	/users/6412ebe57ead573850327cf2	http://localhost:3000
20230321	15:33:33	d1f91e5a-5cb9-4c88-8b36-51fc9a202252	PATCH	/users/6412ebe57ead573850327cf2	http://localhost:3000
20230321	15:34:02	feb16f34-4478-493e-933a-c1c2a62af90e	OPTIONS	/users/6412edf07ead573850327d16	http://localhost:3000
20230321	15:34:02	4b160bcb-21a5-4e32-ae38-c76b18094261	PATCH	/users/6412edf07ead573850327d16	http://localhost:3000
20230321	15:35:49	c1a0a12e-4eb8-45b5-b093-a7948b4cceda	OPTIONS	/users/6412ebe57ead573850327cf2	http://localhost:3000
20230321	15:35:49	e4c85a55-2765-446d-9802-f38f1b1541a9	PATCH	/users/6412ebe57ead573850327cf2	http://localhost:3000
20230321	15:38:09	de3836a8-0f44-43df-b0ac-0986ba531833	OPTIONS	/users/6412ee0e7ead573850327d1a	http://localhost:3000
20230321	15:38:09	e8cf9157-30a6-402b-8298-4dcad04aa5a5	PATCH	/users/6412ee0e7ead573850327d1a	http://localhost:3000
20230321	15:39:50	8d7202d1-8558-4dec-abec-41fc16592fbb	OPTIONS	/users/6412ebe57ead573850327cf2	http://localhost:3000
20230321	15:39:50	47a16507-e97c-46c5-962b-6c0e2c4d1912	PATCH	/users/6412ebe57ead573850327cf2	http://localhost:3000
20230321	15:45:13	59b22802-85fc-466c-ae93-fdbc20ce19b0	GET	/users	http://localhost:3000
20230321	15:47:13	8df003d9-a834-43fd-83ab-3669fb7c4e28	GET	/users	http://localhost:3000
20230321	15:50:57	8606e38f-1131-4b82-ba19-c90684e3c57e	OPTIONS	/users/6412ebe57ead573850327cf2	http://localhost:3000
20230321	15:50:57	3f6cd982-0ddb-4b8a-9102-66f376b3e1ab	PATCH	/users/6412ebe57ead573850327cf2	http://localhost:3000
20230321	15:51:33	8ca88210-cd89-4509-b113-92fe9b533b79	OPTIONS	/users/6412ebe57ead573850327cf2	http://localhost:3000
20230321	15:51:33	0a3bf2fb-fc79-4c0b-8b36-ed28849132b5	PATCH	/users/6412ebe57ead573850327cf2	http://localhost:3000
20230321	15:51:53	616ed693-08e6-47c1-a311-e8693fe54468	OPTIONS	/users/6412ebe57ead573850327cf2	http://localhost:3000
20230321	15:51:53	49df74e1-26a8-4cfa-aa6e-623c62a15a7f	PATCH	/users/6412ebe57ead573850327cf2	http://localhost:3000
20230321	15:52:57	f411a18b-86a0-49d9-8367-03620fab7ceb	OPTIONS	/users/6412edf07ead573850327d16	http://localhost:3000
20230321	15:52:57	778bce81-1677-441d-8e90-e712b4d8c492	PATCH	/users/6412edf07ead573850327d16	http://localhost:3000
20230321	15:53:14	f310c287-9d60-4f2b-bf4d-64245552ea4d	OPTIONS	/users/6412edf07ead573850327d16	http://localhost:3000
20230321	15:53:14	6337db4c-1360-42b3-83ee-ba29e66a3939	PATCH	/users/6412edf07ead573850327d16	http://localhost:3000
20230321	15:54:47	87fd2b8c-57f4-4437-b57f-f659edd18efa	OPTIONS	/users/6412edf07ead573850327d16	http://localhost:3000
20230321	15:54:47	2c1e9396-99ec-4b3c-bda4-ba28e111d0aa	PATCH	/users/6412edf07ead573850327d16	http://localhost:3000
20230321	15:54:51	475d782f-fd5d-41ef-95a4-a82d983bab69	GET	/users	http://localhost:3000
20230321	15:55:00	f5d807a5-a5b0-427b-82d5-c875a5748e78	GET	/users	http://localhost:3000
20230321	15:55:49	117ee9fc-4f81-4eab-8aa5-5965752eee01	OPTIONS	/auth	http://localhost:3000
20230321	15:55:49	8b10c101-9d87-42ea-8c56-6be20eb8ae75	POST	/auth	http://localhost:3000
20230321	15:56:59	eb6e5562-61a2-4fb7-87da-0134db572c98	OPTIONS	/auth	http://localhost:3000
20230321	15:56:59	1aec9502-c3e6-477c-96d0-8889fe33e281	POST	/auth	http://localhost:3000
20230321	15:57:00	948b7a62-70bc-460f-bf0b-46b8e3ead608	GET	/users	http://localhost:3000
20230321	15:57:09	580cd9e8-1754-46e4-ab93-b439db46a51a	OPTIONS	/users/6412edf07ead573850327d16	http://localhost:3000
20230321	15:57:09	4c0935a7-aa23-4d9e-aece-b7bbb4cf2068	PATCH	/users/6412edf07ead573850327d16	http://localhost:3000
20230321	15:57:12	63d25179-58e5-4acd-9d34-a355b7426e50	OPTIONS	/auth	http://localhost:3000
20230321	15:57:12	9ffed2a5-8624-486d-8ce9-26753973aa7f	POST	/auth	http://localhost:3000
20230321	15:57:15	93a1f540-ed40-4589-8e78-667cc77a01c9	POST	/auth	http://localhost:3000
20230321	15:57:16	315f0645-ff4d-44e2-8865-b60ee974b026	POST	/auth	http://localhost:3000
20230321	15:57:31	00644468-2def-4816-8de2-7b02544229fc	OPTIONS	/auth	http://localhost:3000
20230321	15:57:31	6c1d2899-8066-453c-8d4a-d330b958d91a	POST	/auth	http://localhost:3000
20230321	15:57:41	eb6971c3-aba2-48fe-83ed-0b0276ce6f0d	GET	/users	http://localhost:3000
20230321	15:59:09	75880fbd-5a04-4f2b-a7ba-917f8d527689	OPTIONS	/users/6412edf07ead573850327d16	http://localhost:3000
20230321	15:59:09	ccdc35a1-106c-4e67-a27a-d5c30eb9c5ed	PATCH	/users/6412edf07ead573850327d16	http://localhost:3000
20230321	15:59:12	4bff458e-17d2-4582-b553-c75338a1bbf3	OPTIONS	/auth	http://localhost:3000
20230321	15:59:12	cf365286-8a8a-459f-9e15-28e2c4563b4e	POST	/auth	http://localhost:3000
20230321	15:59:26	fa342240-7190-4f43-bd16-5763d1c770b9	OPTIONS	/users/6412edf07ead573850327d16	http://localhost:3000
20230321	15:59:26	d8fe1cc6-f63a-4a7d-b5b3-881b01dc174e	PATCH	/users/6412edf07ead573850327d16	http://localhost:3000
20230321	15:59:34	6dce7c26-c0df-4ec9-a55e-304b781e1d82	OPTIONS	/auth	http://localhost:3000
20230321	15:59:34	23aeea42-7b21-477c-9ce0-50b48e12dc13	POST	/auth	http://localhost:3000
20230321	15:59:36	ee9cd649-a6a5-4679-99c6-f4986120d343	POST	/auth	http://localhost:3000
20230321	15:59:36	6b0f9964-5fd6-4465-8d28-51d63fb08217	POST	/auth	http://localhost:3000
20230321	15:59:36	a7393659-9767-4ffb-bec2-905a40f7aea8	POST	/auth	http://localhost:3000
20230321	15:59:37	c7305b1d-abae-493e-afa8-4f06369fb759	POST	/auth	http://localhost:3000
20230321	15:59:37	72dae889-da9c-45d2-a364-f02f81946cd3	POST	/auth	http://localhost:3000
20230321	15:59:42	3c946fc2-4819-479a-8e3b-41e8b3ccc4c0	OPTIONS	/users/6412edf07ead573850327d16	http://localhost:3000
20230321	15:59:42	046e6bee-b770-4be6-aed9-725b7d36ba03	PATCH	/users/6412edf07ead573850327d16	http://localhost:3000
20230321	15:59:44	a4ff6d4d-6244-4ab0-915f-bd9ad82571f6	OPTIONS	/auth	http://localhost:3000
20230321	15:59:44	52b52592-26ac-4ff8-949d-6336b07560b0	POST	/auth	http://localhost:3000
20230321	16:00:26	52ef0ddd-024b-4878-a0c5-bbe2133f722e	OPTIONS	/auth	http://localhost:3000
20230321	16:00:26	1f6f25f9-093a-43b9-9603-2ddccb5bff36	POST	/auth	http://localhost:3000
20230321	16:00:36	5a622095-6e59-409c-ad6d-8f762104b2a2	OPTIONS	/users/6412edf07ead573850327d16	http://localhost:3000
20230321	16:00:36	4d370774-15c2-4a18-a268-112a130b5dec	PATCH	/users/6412edf07ead573850327d16	http://localhost:3000
20230321	16:00:55	1c1aa100-5e93-4e27-a5e4-4743b630a9f8	OPTIONS	/auth	http://localhost:3000
20230321	16:00:55	b0c9b1eb-b203-47c9-bd93-cf4ae9b386da	POST	/auth	http://localhost:3000
20230321	16:01:03	186bdc21-3cba-4c7a-a120-74c6257576f5	OPTIONS	/users/6412edf07ead573850327d16	http://localhost:3000
20230321	16:01:03	6566b583-74c2-4dd2-a13c-b8b998ea47c6	PATCH	/users/6412edf07ead573850327d16	http://localhost:3000
20230321	16:01:06	b9a88a55-07cd-4c86-96ab-58379317a43d	OPTIONS	/auth	http://localhost:3000
20230321	16:01:06	eb08803c-568b-44ba-b1c3-e7e46634fcb1	POST	/auth	http://localhost:3000
20230321	16:03:23	ab6dd63d-767e-4e82-b942-16e94c9d59e5	OPTIONS	/users/6412edf07ead573850327d16	http://localhost:3000
20230321	16:03:23	be66f5a4-ebb1-41de-9a76-2655d7473f93	PATCH	/users/6412edf07ead573850327d16	http://localhost:3000
20230321	16:03:45	3ac980dc-efc0-4f89-adf0-0527ed261108	OPTIONS	/users/6412ee0e7ead573850327d1a	http://localhost:3000
20230321	16:03:45	c1aea182-05eb-44f9-85fd-f86226bd68c5	PATCH	/users/6412ee0e7ead573850327d1a	http://localhost:3000
20230321	16:04:20	6ea80fde-d295-4282-bda1-58915ed799e4	OPTIONS	/auth	http://localhost:3000
20230321	16:04:20	70e49954-cf80-485a-bae2-2a8182d17e4b	POST	/auth	http://localhost:3000
20230321	16:06:04	d0f6989b-ee2e-4b91-933d-efba5c608180	GET	/users	http://localhost:3000
20230321	16:06:47	41dd949d-4add-4d34-87ca-6aa0d5371e0f	OPTIONS	/users/6412edf07ead573850327d16	http://localhost:3000
20230321	16:06:47	02f7d56b-1264-4f50-8835-ace0d5bce0d0	PATCH	/users/6412edf07ead573850327d16	http://localhost:3000
20230321	16:06:52	8eb9c438-cda1-4c50-96da-1b0dff43721c	GET	/users	http://localhost:3000
20230321	16:06:54	43319285-bab9-428e-bda0-fb03167bcf20	OPTIONS	/users/6412edf07ead573850327d16	http://localhost:3000
20230321	16:06:54	b0b937e2-9f9a-4d78-b368-51477324e178	PATCH	/users/6412edf07ead573850327d16	http://localhost:3000
20230321	16:06:59	19635d11-ad63-4e19-9da9-b8c9e7c4960b	GET	/users	http://localhost:3000
20230321	16:11:42	1e0abf9b-595d-409e-b3ba-d5b9156f27db	GET	/users	http://localhost:3000
20230321	16:13:07	2de2787f-f8a7-40fb-8842-0dc3cfafb5c8	OPTIONS	/users/6412ebe57ead573850327cf2	http://localhost:3000
20230321	16:13:07	eaf78d7a-53a4-46cd-a2b7-2781bbf4a441	PATCH	/users/6412ebe57ead573850327cf2	http://localhost:3000
20230321	16:13:08	1126219c-0ec9-4d25-8add-13758db71bb1	OPTIONS	/users/6412edf07ead573850327d16	http://localhost:3000
20230321	16:13:08	75042ad6-1073-4dc9-a45b-7f304862699d	PATCH	/users/6412edf07ead573850327d16	http://localhost:3000
20230321	16:13:08	7faffb24-4808-41de-a6d8-4fd34f695ad6	OPTIONS	/users/6412ee0e7ead573850327d1a	http://localhost:3000
20230321	16:13:08	7d24d2ce-7453-46ca-97c8-3b0af93216bc	PATCH	/users/6412ee0e7ead573850327d1a	http://localhost:3000
20230321	16:14:26	2f8bf46f-3984-415a-8d12-385a19ba76f4	OPTIONS	/auth	http://localhost:3000
20230321	16:14:26	e04c90c7-1f34-47b0-9859-16e82b33823a	POST	/auth	http://localhost:3000
20230321	16:17:44	2279cef7-8ddb-426b-8a0a-fdb54eb20b17	GET	/users	http://localhost:3000
20230321	16:27:08	b3d09ce6-ccfd-4a5a-a5cd-5562db8f876f	GET	/users	http://localhost:3000
20230321	16:27:08	1341344d-e684-42bf-b2df-79f21668e2d8	GET	/users	http://localhost:3000
20230321	16:27:45	dc06b6ad-ecc3-4c1e-816a-937a2616e8c4	GET	/users	http://localhost:3000
20230321	16:27:45	d18632b9-2374-4b51-b426-b8c0d6bca715	GET	/users	http://localhost:3000
20230321	16:40:25	17ffd07e-b3f4-4c00-b8b0-8e80b3f5615c	GET	/users	http://localhost:3000
20230321	16:43:11	88266847-da17-4037-8069-05c9d151437a	OPTIONS	/auth	http://localhost:3000
20230321	16:43:11	16f18fb2-f144-48aa-88c7-f27bb181d0f2	POST	/auth	http://localhost:3000
20230321	16:43:14	a016631c-3d98-442d-b88e-34b5c63138fb	GET	/users	http://localhost:3000
20230321	16:45:18	efd297fc-65e2-4374-8aa3-7bbe2ca47376	GET	/users	http://localhost:3000
20230321	16:45:18	172be358-9b92-4c8e-94fb-2328ba5ec120	GET	/users	http://localhost:3000
20230321	16:45:21	9dece660-ad21-4b0d-925e-422bcec7d87a	GET	/users	http://localhost:3000
20230321	16:45:37	729c0066-304d-4c0d-8710-027d3c3bf7f0	OPTIONS	/auth	http://localhost:3000
20230321	16:45:37	1d0eda41-d6f4-444f-b68b-a8a71f0bdca0	POST	/auth	http://localhost:3000
20230321	16:45:39	012c91ff-8504-4468-a06f-7d9eb018acfe	GET	/users	http://localhost:3000
20230321	16:45:53	07f765bb-bd28-4070-a810-836d08ab8624	GET	/users	http://localhost:3000
20230321	16:45:56	9e273088-1ca6-440d-ba48-f643956275ce	GET	/users	http://localhost:3000
20230321	16:46:00	d68186d4-36cd-4ef2-906a-75c975f8520b	GET	/users	http://localhost:3000
20230321	16:52:26	e67c1226-26f1-4405-bebe-37d0f365e6bd	GET	/users	http://localhost:3000
20230321	16:54:59	9aea1678-a77a-4954-9e85-a9bab1c2b918	GET	/users	http://localhost:3000
20230321	16:55:02	f254579a-5698-44da-8ca4-da9958cdc25c	GET	/users	http://localhost:3000
20230321	17:17:15	839c487b-bcfe-4f23-abdb-e15910376191	GET	/users	http://localhost:3000
20230321	17:18:50	d6e60a22-7ecb-414d-9f4d-6eedc806d018	OPTIONS	/auth	http://localhost:3000
20230321	17:18:50	91d266e4-e735-495b-a700-ed756f07d9e6	POST	/auth	http://localhost:3000
20230321	17:20:45	2c0177eb-6570-4d9f-9b3f-481bbb706043	OPTIONS	/auth	http://localhost:3000
20230321	17:20:45	249dbcc9-715a-4997-bb43-f7b85b68ecca	POST	/auth	http://localhost:3000
20230321	17:20:47	626efd01-146f-4f4e-9f1a-1006ada70b49	GET	/users	http://localhost:3000
20230321	17:21:04	c8eae298-5042-40cf-86a9-b1b7a6c7cb71	GET	/users	http://localhost:3000
20230321	17:23:08	95ace98e-292e-47d9-90fe-9d49f3b71272	GET	/users	http://localhost:3000
20230321	17:35:07	247ed3a2-02f7-481c-a58f-af74b82e3736	GET	/users	http://localhost:3000
20230321	17:42:41	4f6086bc-f9f0-43d6-8b49-ca35aa8aa01e	GET	/users	http://localhost:3000
20230321	17:52:16	dc7e9764-d696-442b-991a-1e1d033bc37e	OPTIONS	/users	http://localhost:3000
20230321	17:52:16	7addef1d-e946-4463-9431-55e51a395793	POST	/users	http://localhost:3000
20230321	17:52:25	194be994-0b37-41eb-8ab2-3a40e7edcff7	GET	/users	http://localhost:3000
20230321	17:56:57	96c861be-2a1f-4f5e-a390-49456c65f5ac	OPTIONS	/users	http://localhost:3000
20230321	17:56:57	8535a825-5147-4d80-b7b2-56785e0e5442	POST	/users	http://localhost:3000
20230321	17:57:36	6a1c891d-fa60-4c7e-a7ec-4f51b607f271	OPTIONS	/users	http://localhost:3000
20230321	17:57:36	b90a53cc-578f-48b4-b8d8-64ee0b36aaa2	POST	/users	http://localhost:3000
20230321	17:57:45	68fa944d-4137-4666-bad0-4eea6b271d15	GET	/users	http://localhost:3000
20230321	17:58:13	4f7d9129-b758-41a0-b29b-2ce5c7688954	OPTIONS	/auth	http://localhost:3000
20230321	17:58:13	440090d5-c47a-45a6-a0cc-3892e3213c48	POST	/auth	http://localhost:3000
20230321	17:58:26	6c52ddd4-0fd7-4961-bd47-552a1ded32fc	OPTIONS	/auth	http://localhost:3000
20230321	17:58:26	fa0874db-70bb-420b-afb1-ef05a0e692a9	POST	/auth	http://localhost:3000
20230321	17:58:30	4fdb7d52-458f-44b4-8d73-d04404d978a3	POST	/auth	http://localhost:3000
20230321	17:58:42	eb9f93fb-1a1f-44eb-be1e-4d90cb0e3f4b	OPTIONS	/auth	http://localhost:3000
20230321	17:58:42	e0aa4c67-2b97-4c99-a089-db575428f2b6	POST	/auth	http://localhost:3000
20230321	17:59:11	d41dcc49-a7c2-41f5-8d88-80180bcfab49	OPTIONS	/auth	http://localhost:3000
20230321	17:59:11	16051fab-f693-473f-9602-61de3009d2cc	POST	/auth	http://localhost:3000
20230321	17:59:28	b9888826-89fe-4ec0-9ccf-2a6998b70f28	OPTIONS	/auth	http://localhost:3000
20230321	17:59:28	e639ea0b-b573-499c-b61d-aa6cab61d893	POST	/auth	http://localhost:3000
20230321	17:59:49	8c7d9bb9-429c-4756-bdcb-d3a75d262651	OPTIONS	/auth	http://localhost:3000
20230321	17:59:49	2ca49fc1-1fd7-4e40-9878-64aaa2430af4	POST	/auth	http://localhost:3000
20230321	18:16:52	9441302f-b723-476f-bdc2-174026fc16da	OPTIONS	/auth	http://localhost:3000
20230321	18:16:52	b760ccb8-40d8-4f9c-b8ab-3299659df917	POST	/auth	http://localhost:3000
20230321	18:16:58	c60a0cec-4f17-4503-bd6b-7e60c6ed85ad	OPTIONS	/auth	http://localhost:3000
20230321	18:16:58	7d11a628-7331-4726-ad56-3af587bff521	POST	/auth	http://localhost:3000
20230321	18:17:00	94a37803-6b74-49cb-9c6d-17172de0f884	GET	/users	http://localhost:3000
20230321	18:17:19	1bf8c9dc-c5b7-49a2-a9de-1dc1034b41bb	OPTIONS	/users	http://localhost:3000
20230321	18:17:19	3c31da84-1149-4a35-b062-5e9ca6751423	POST	/users	http://localhost:3000
20230321	18:17:58	c62b2746-bec6-4d5f-a154-e9b70ebb2dcd	OPTIONS	/auth	http://localhost:3000
20230321	18:17:58	5b98e6a4-dfba-40a7-bef7-162eeb5716c8	POST	/auth	http://localhost:3000
20230321	18:18:00	1f25d060-e8d0-45df-b994-c28ea575f428	GET	/users	http://localhost:3000
20230321	18:18:53	e733de7d-98c7-43c6-afe4-38532ae3b2c2	OPTIONS	/users	http://localhost:3000
20230321	18:18:53	1a9a2226-2656-48a2-bcfd-e17a6d00b718	POST	/users	http://localhost:3000
20230321	18:18:56	68629a31-0269-47a1-a563-fc9f9168c1d1	POST	/users	http://localhost:3000
20230321	18:19:08	0ac8e8c7-1cca-459c-9abd-33af318b1089	OPTIONS	/auth	http://localhost:3000
20230321	18:19:08	7c0b6a3a-904b-4e16-ac19-60c24728c0b6	POST	/auth	http://localhost:3000
